2025-11-25 10:40:38 - Music163 - INFO - 数据库表创建成功
2025-11-25 10:40:38 - Music163 - INFO - 数据库初始化成功: D:\Project\Python_project\python双语\music163\data\music163.db
2025-11-25 10:40:38 - Music163 - INFO - 应用初始化成功
2025-11-25 10:40:38 - Music163 - INFO - 程序启动
2025-11-25 10:40:40 - Music163 - INFO - 热门歌单爬虫初始化成功
2025-11-25 10:40:45 - Music163 - INFO - 开始爬取热门歌单，目标页数: 20，分类: 全部，排序: hot
2025-11-25 10:40:46 - Music163 - INFO - 正在爬取第 1/20 页，获取到 50 个歌单
2025-11-25 10:40:46 - Music163 - INFO -   [1] 巴西Funk：来首精神氮泵助力燃脂 | 播放:14,681 | 收藏:40 | 歌曲:30
2025-11-25 10:40:46 - Music163 - INFO -   [2] ACG治愈 | 回忆复刻 重温动漫里的温情时刻 | 播放:19,646 | 收藏:87 | 歌曲:100
2025-11-25 10:40:46 - Music163 - INFO -   [3] 站内收藏量超千万的欧美热曲安利 | 播放:8,873 | 收藏:35 | 歌曲:71
2025-11-25 10:40:46 - Music163 - INFO -   [4] 【韩语宿命感】伤感 酸涩 执念  遗憾 羁绊 | 播放:3,694 | 收藏:15 | 歌曲:181
2025-11-25 10:40:46 - Music163 - INFO -   [5] 那些你熟悉却又不知道名字的轻音乐 | 播放:123,893,392 | 收藏:2,638,797 | 歌曲:44
2025-11-25 10:40:46 - Music163 - INFO -   [6] 2025秋季动漫热歌|在轻风中聆听温暖与悸动 | 播放:90,727 | 收藏:978 | 歌曲:69
2025-11-25 10:40:46 - Music163 - INFO -   [7] 初音未来术曲精选｜闪耀次元之声 | 播放:2,602 | 收藏:40 | 歌曲:109
2025-11-25 10:40:46 - Music163 - INFO -   [8] 日式秋语 | 落在生命里的风和光都是好天气  | 播放:18,852 | 收藏:151 | 歌曲:69
2025-11-25 10:40:46 - Music163 - INFO -   [9] 野性Funk/暴力美学100% 超燃节奏炸场 | 播放:15,303 | 收藏:200 | 歌曲:46
2025-11-25 10:40:46 - Music163 - INFO -   [10] 2025年10月新番音乐合集 十月新番更新中 | 播放:32,729 | 收藏:371 | 歌曲:94
2025-11-25 10:40:46 - Music163 - INFO -   [11] 丝滑R&B｜浪漫chill氛围 爵士蓝调布鲁斯 | 播放:31,834 | 收藏:271 | 歌曲:150
2025-11-25 10:40:46 - Music163 - INFO -   [12] 灵魂乐之声 | 触动心弦的旋律
 | 播放:24,803 | 收藏:107 | 歌曲:20
2025-11-25 10:40:46 - Music163 - INFO -   [13] 秋风の温柔 | 轻柔耳语 融入心扉的温柔 | 播放:17,500 | 收藏:306 | 歌曲:60
2025-11-25 10:40:46 - Music163 - INFO -   [14] 洗澡时来点R&B，搓起来才带感 | 播放:16,319 | 收藏:69 | 歌曲:61
2025-11-25 10:40:46 - Music163 - INFO -   [15] 万圣节真的不装了！隐藏人格启动 | 播放:153,399 | 收藏:631 | 歌曲:38
2025-11-25 10:40:46 - Music163 - INFO -   [16] 新灵魂乐传奇落幕，D'Angelo的声音永不消逝 | 播放:73,187 | 收藏:375 | 歌曲:35
2025-11-25 10:40:46 - Music163 - INFO -   [17] 【巴西Funk】暴力美学 野性 超燃 爽感 炸场 | 播放:1,099 | 收藏:15 | 歌曲:50
2025-11-25 10:40:46 - Music163 - INFO -   [18] 华语R&B：像一只蝴蝶飞过废墟 | 播放:973 | 收藏:4 | 歌曲:58
2025-11-25 10:40:46 - Music163 - INFO -   [19] 曼波～哈基米南北绿豆：这便是哈的皇朝 | 播放:43,876 | 收藏:498 | 歌曲:103
2025-11-25 10:40:46 - Music163 - INFO -   [20] 华语R&B｜左转灯 到时说爱我 不值得 | 播放:29,570 | 收藏:239 | 歌曲:60
2025-11-25 10:40:46 - Music163 - INFO -   [21] Autumn Vibe｜秋日巷陌 枫叶簌落的寂寥氛围 | 播放:13,888 | 收藏:214 | 歌曲:40
2025-11-25 10:40:46 - Music163 - INFO -   [22] 热播2025年：一网打尽那些心动声音 | 播放:26,614 | 收藏:65 | 歌曲:194
2025-11-25 10:40:46 - Music163 - INFO -   [23] KPOP随舞|这谁能忍住不跟跳 | 播放:2,262 | 收藏:8 | 歌曲:187
2025-11-25 10:40:46 - Music163 - INFO -   [24] 拒绝EMO，听欢快的歌恢复元气吧！ | 播放:4,706 | 收藏:22 | 歌曲:92
2025-11-25 10:40:46 - Music163 - INFO -   [25] R&B旋转滑梯/指尖/暧昧缠绕我和你 | 播放:3,136 | 收藏:35 | 歌曲:44
2025-11-25 10:40:46 - Music163 - INFO -   [26] 小说人必备bgm-暧昧/给看小说的人听的歌 | 播放:33,271 | 收藏:314 | 歌曲:112
2025-11-25 10:40:46 - Music163 - INFO -   [27] 鬼灭上映预习！核爆神曲一次听全！ | 播放:41,788 | 收藏:287 | 歌曲:24
2025-11-25 10:40:46 - Music163 - INFO -   [28] 音乐缘计划2·第二季心跳歌单 | 播放:5,269 | 收藏:48 | 歌曲:62
2025-11-25 10:40:46 - Music163 - INFO -   [29] 梦核纯音乐｜怪诞美学 超现实主义风BGM | 播放:1,888 | 收藏:55 | 歌曲:74
2025-11-25 10:40:46 - Music163 - INFO -   [30] 跑步 •鬼灭之刃超燃和风主题歌 | 播放:1,409 | 收藏:42 | 歌曲:26
2025-11-25 10:40:46 - Music163 - INFO -   [31] 请问你现在那边是几点，有没有我的香味在你 | 播放:11,372 | 收藏:28 | 歌曲:59
2025-11-25 10:40:46 - Music163 - INFO -   [32] 网易云音乐2025第三季度音乐榜单 | 播放:161,354 | 收藏:983 | 歌曲:50
2025-11-25 10:40:46 - Music163 - INFO -   [33] 国风 Rap｜江上青山的 R&B Jazz | 播放:8,104 | 收藏:232 | 歌曲:34
2025-11-25 10:40:46 - Music163 - INFO -   [34] 野孩子30年｜扎根于土地的华语民谣旗帜 | 播放:98,891 | 收藏:688 | 歌曲:32
2025-11-25 10:40:46 - Music163 - INFO -   [35] 通勤随身听｜上班不枯燥 多巴胺能量补给站 | 播放:3,950 | 收藏:12 | 歌曲:45
2025-11-25 10:40:46 - Music163 - INFO -   [36] 努力小羊必备学习歌单(纯音乐) | 播放:11,044 | 收藏:92 | 歌曲:121
2025-11-25 10:40:46 - Music163 - INFO -   [37] 烟雨行舟 | 江南飘来润润细雨 | 播放:14,929 | 收藏:64 | 歌曲:33
2025-11-25 10:40:46 - Music163 - INFO -   [38] 超强节奏｜高燃PHONK 顶级压迫感Max | 播放:6,899 | 收藏:38 | 歌曲:96
2025-11-25 10:40:46 - Music163 - INFO -   [39] 秋日浪漫序语：把风与爱意都藏进歌单 | 播放:12,607 | 收藏:89 | 歌曲:37
2025-11-25 10:40:46 - Music163 - INFO -   [40] 绝美古风戏腔|一悲一喜一抖袖 | 播放:4,127 | 收藏:36 | 歌曲:40
2025-11-25 10:40:46 - Music163 - INFO -   [41] 裘德 | 细腻 叙事 音乐造梦师 | 播放:12,145 | 收藏:59 | 歌曲:74
2025-11-25 10:40:46 - Music163 - INFO -   [42] Woven Song | 孤独 寂静 放空 冥想 宿命感 | 播放:4,303 | 收藏:99 | 歌曲:80
2025-11-25 10:40:46 - Music163 - INFO -   [43] 粤语小众向 l 耳机里的港曲新生代歌声 | 播放:88,677 | 收藏:802 | 歌曲:82
2025-11-25 10:40:46 - Music163 - INFO -   [44] 民谣纪录片｜一部青春的声波编年史 | 播放:12,304 | 收藏:57 | 歌曲:50
2025-11-25 10:40:46 - Music163 - INFO -   [45] 改不了熬夜的习惯也忘不了那段回忆 | 播放:103,306 | 收藏:1,505 | 歌曲:116
2025-11-25 10:40:46 - Music163 - INFO -   [46] 【民谣】转身即远方，前路亦故乡 | 播放:5,887 | 收藏:17 | 歌曲:64
2025-11-25 10:40:46 - Music163 - INFO -   [47] 纯音柔软力,今天要做快乐小孩 | 播放:30,843 | 收藏:158 | 歌曲:52
2025-11-25 10:40:46 - Music163 - INFO -   [48] 漫步纽约：伍迪·艾伦的秋日情书 | 播放:18,323 | 收藏:204 | 歌曲:31
2025-11-25 10:40:46 - Music163 - INFO -   [49] 民謠 I 我唱歌你在聽 一切風平又浪靜 | 播放:5,021 | 收藏:24 | 歌曲:93
2025-11-25 10:40:46 - Music163 - INFO -   [50] 抒情民谣｜巷弄里的老收音机 | 播放:2,291 | 收藏:11 | 歌曲:64
2025-11-25 10:40:47 - Music163 - INFO - 正在爬取第 2/20 页，获取到 50 个歌单
2025-11-25 10:40:47 - Music163 - INFO -   [51] 冰岛民谣 | 悠远 静谧 空灵 冷清 旷野 | 播放:3,551 | 收藏:73 | 歌曲:60
2025-11-25 10:40:47 - Music163 - INFO -   [52] 粤语情歌 |微細事都有動人事宜 | 播放:3,375 | 收藏:18 | 歌曲:45
2025-11-25 10:40:47 - Music163 - INFO -   [53] 表白情歌｜甜蜜度99%的告白恋歌 | 播放:51,297 | 收藏:421 | 歌曲:116
2025-11-25 10:40:47 - Music163 - INFO -   [54] 『秋日氛围』温暖治愈 慵懒惬意的秋日时光 | 播放:1,309 | 收藏:23 | 歌曲:40
2025-11-25 10:40:48 - Music163 - INFO -   [55] 秋日影画｜用音符勾勒每一帧故事 | 播放:15,013 | 收藏:59 | 歌曲:44
2025-11-25 10:40:48 - Music163 - INFO -   [56] 适合摸鱼画画时听的歌～「日系+欧美」 | 播放:7,421,425 | 收藏:179,888 | 歌曲:278
2025-11-25 10:40:48 - Music163 - INFO -   [57] 悠寂意境 | 雾雨蒙蒙 山间清凉 心之所向 | 播放:632 | 收藏:19 | 歌曲:81
2025-11-25 10:40:48 - Music163 - INFO -   [58] 网上很火韩语歌曲｜宿命感拉满氛围神曲 | 播放:157 | 收藏:4 | 歌曲:66
2025-11-25 10:40:48 - Music163 - INFO -   [59] 韩流回忆录 | 那些年循环的青春金曲 | 播放:985 | 收藏:4 | 歌曲:166
2025-11-25 10:40:48 - Music163 - INFO -   [60] 「风与弦的相遇」融合民谣精选集 | 播放:4,606 | 收藏:28 | 歌曲:23
2025-11-25 10:40:48 - Music163 - INFO -   [61] Afro Rhythms ｜非洲灵魂的律动 | 播放:6,357 | 收藏:81 | 歌曲:66
2025-11-25 10:40:48 - Music163 - INFO -   [62] 民谣酒馆：酒杯里摇晃的城市孤独 | 播放:4,236 | 收藏:9 | 歌曲:35
2025-11-25 10:40:48 - Music163 - INFO -   [63] emo情绪自留地｜情歌在夜里流淌 | 播放:161,156 | 收藏:292 | 歌曲:26
2025-11-25 10:40:48 - Music163 - INFO -   [64] 来一杯洋甘菊茶吧/纯音乐 | 播放:191,648 | 收藏:5,448 | 歌曲:176
2025-11-25 10:40:48 - Music163 - INFO -   [65] 野心家ENTJ｜理性主义者 自律至上不断变强 | 播放:1,535 | 收藏:43 | 歌曲:171
2025-11-25 10:40:48 - Music163 - INFO -   [66] 檐角悬灯时 | 糖霜坠落的民谣私语 | 播放:10,985 | 收藏:57 | 歌曲:35
2025-11-25 10:40:48 - Music163 - INFO -   [67] 这个世界充满假象 唯有痛苦从不说谎 | 播放:3,619 | 收藏:24 | 歌曲:144
2025-11-25 10:40:48 - Music163 - INFO -   [68] 摇滚民谣｜做有意义的事 过有意义的人生 | 播放:11,863 | 收藏:36 | 歌曲:50
2025-11-25 10:40:48 - Music163 - INFO -   [69] 摇滚ACG丨不要因为离别而害怕相遇。 | 播放:11,599 | 收藏:64 | 歌曲:100
2025-11-25 10:40:48 - Music163 - INFO -   [70] 伤感情歌丨爱是一场患得患失的戏 | 播放:3,115 | 收藏:3 | 歌曲:30
2025-11-25 10:40:48 - Music163 - INFO -   [71] Autumn Vibe ｜秋日氛围枫叶簌簌落下 | 播放:13,518 | 收藏:202 | 歌曲:47
2025-11-25 10:40:48 - Music163 - INFO -   [72] 『 民谣酒馆 』 有温度的状态才叫生活 | 播放:3,971 | 收藏:9 | 歌曲:40
2025-11-25 10:40:48 - Music163 - INFO -   [73] 用最chill的歌，挤最狠的地铁 | 播放:218,365 | 收藏:1,091 | 歌曲:22
2025-11-25 10:40:48 - Music163 - INFO -   [74] 「后摇」一只孤独的巨兽在深海里呼喊 | 播放:21,393,822 | 收藏:354,446 | 歌曲:111
2025-11-25 10:40:48 - Music163 - INFO -   [75] 国摇金属:梦与花火怒放的桀骜篇章 | 播放:2,352,573 | 收藏:16,202 | 歌曲:202
2025-11-25 10:40:48 - Music163 - INFO -   [76] 深度睡眠 |重度失眠者专用歌单 | 播放:92,496,832 | 收藏:1,006,354 | 歌曲:32
2025-11-25 10:40:48 - Music163 - INFO -   [77] 水果味汽水｜清甜软萌音捕获你的心 | 播放:4,340,343 | 收藏:148,710 | 歌曲:108
2025-11-25 10:40:48 - Music163 - INFO -   [78] 100首华语民谣，因为懂得才有共鸣 | 播放:61,544,368 | 收藏:520,132 | 歌曲:99
2025-11-25 10:40:48 - Music163 - INFO -   [79] 法语爵士|红酒与玫瑰浪漫邂逅 | 播放:6,126,803 | 收藏:106,748 | 歌曲:34
2025-11-25 10:40:48 - Music163 - INFO -   [80] 钢琴后摇 I 初雪点地，窸窣低语 | 播放:6,455,909 | 收藏:113,849 | 歌曲:198
2025-11-25 10:40:48 - Music163 - INFO -   [81] City Pop丨霓虹之都的浪漫旋律❤ | 播放:4,918,806 | 收藏:83,318 | 歌曲:110
2025-11-25 10:40:48 - Music163 - INFO -   [82] 欧美民谣 I 往昔璀璨如钻 却又锈迹斑斑 | 播放:12,315,335 | 收藏:138,058 | 歌曲:100
2025-11-25 10:40:48 - Music163 - INFO -   [83] 「Cool Jazz」冷爵士让你全身心放松 | 播放:5,155,178 | 收藏:76,397 | 歌曲:51
2025-11-25 10:40:48 - Music163 - INFO -   [84] 怀旧金曲丨那些原唱是日语的经典老歌 | 播放:2,943,467 | 收藏:37,616 | 歌曲:39
2025-11-25 10:40:48 - Music163 - INFO -   [85] 古典清香 I 我的茶馆里住着巴赫与肖邦 | 播放:35,383,008 | 收藏:539,633 | 歌曲:124
2025-11-25 10:40:48 - Music163 - INFO -   [86] 300支后摇乐队，300种感性共鸣 | 播放:5,817,755 | 收藏:141,541 | 歌曲:300
2025-11-25 10:40:48 - Music163 - INFO -   [87] 超带感骑行音乐无限循环公路党狂飙 | 播放:11,693,755 | 收藏:139,283 | 歌曲:44
2025-11-25 10:40:48 - Music163 - INFO -   [88] 黑胶酒馆|耳畔的浪漫眼中的你 | 播放:9,595,372 | 收藏:189,928 | 歌曲:39
2025-11-25 10:40:48 - Music163 - INFO -   [89] 〖唯美纯音〗不需要歌词,也可以打动你的心 | 播放:62,519,900 | 收藏:1,708,866 | 歌曲:127
2025-11-25 10:40:48 - Music163 - INFO -   [90] 《美国乡村乐图鉴与简史》 | 播放:5,636,209 | 收藏:57,859 | 歌曲:325
2025-11-25 10:40:48 - Music163 - INFO -   [91] 黑胶唱片机|微醺情调耳边低语 | 播放:2,300,677 | 收藏:33,090 | 歌曲:62
2025-11-25 10:40:48 - Music163 - INFO -   [92] 软萌合唱｜让可愛治愈这个世界 | 播放:2,503,732 | 收藏:83,039 | 歌曲:398
2025-11-25 10:40:48 - Music163 - INFO -   [93] 复古慵懒 | 当经典摇滚被爵士如此演绎 | 播放:2,317,158 | 收藏:26,593 | 歌曲:30
2025-11-25 10:40:48 - Music163 - INFO -   [94] 物哀纯音丨花开于彼岸 魂落于忘川 | 播放:2,158,314 | 收藏:19,422 | 歌曲:177
2025-11-25 10:40:48 - Music163 - INFO -   [95] 倾吐隐秘情绪｜百位R&B歌手精选 | 播放:9,843,347 | 收藏:80,530 | 歌曲:298
2025-11-25 10:40:48 - Music163 - INFO -   [96] 世界顶级沙发酒吧音乐。 | 播放:18,881,160 | 收藏:306,588 | 歌曲:298
2025-11-25 10:40:48 - Music163 - INFO -   [97] 纯音 | 静淌时隙悄然掠过 | 助眠 | 播放:4,633,241 | 收藏:39,370 | 歌曲:34
2025-11-25 10:40:48 - Music163 - INFO -   [98] 【德语】莱茵河畔之风拂过心田 | 播放:738,341 | 收藏:6,287 | 歌曲:137
2025-11-25 10:40:48 - Music163 - INFO -   [99] 提琴后摇 I 颅内盛宴，思绪狂欢 | 播放:3,960,443 | 收藏:58,513 | 歌曲:151
2025-11-25 10:40:48 - Music163 - INFO -   [100] 可爱摇滚｜一剂抵挡春困的上好良药 | 播放:5,762,860 | 收藏:32,234 | 歌曲:118
2025-11-25 10:40:49 - Music163 - INFO - 正在爬取第 3/20 页，获取到 50 个歌单
2025-11-25 10:40:49 - Music163 - INFO -   [101] 想开家茶馆，放首民谣给从前 | 播放:20,212,042 | 收藏:166,117 | 歌曲:29
2025-11-25 10:40:49 - Music163 - INFO -   [102] Bossa Nova｜聆听热情桑巴中的慵懒时光 | 播放:2,212,868 | 收藏:23,096 | 歌曲:158
2025-11-25 10:40:49 - Music163 - INFO -   [103] 「居家古风」如何把生活过成诗 | 播放:13,588,324 | 收藏:222,089 | 歌曲:150
2025-11-25 10:40:49 - Music163 - INFO -   [104] 空灵纯音 ' 孤独症患者的绮丽梦境 | 播放:11,669,978 | 收藏:189,213 | 歌曲:87
2025-11-25 10:40:49 - Music163 - INFO -   [105] 助眠辑 | 自然音，伴灵动乐符萦绕耳畔 | 播放:30,406,936 | 收藏:491,183 | 歌曲:104
2025-11-25 10:40:49 - Music163 - INFO -   [106] 北欧民谣 | 赐你一剂澄净安逸的心灵圣药 | 播放:14,526,296 | 收藏:271,551 | 歌曲:36
2025-11-25 10:40:49 - Music163 - INFO -   [107] 日本人气唱见，每人一首良曲 | 播放:29,271,724 | 收藏:821,488 | 歌曲:89
2025-11-25 10:40:49 - Music163 - INFO -   [108] 日系治愈｜想成为一个温柔的人 | 播放:3,584,651 | 收藏:90,497 | 歌曲:30
2025-11-25 10:40:49 - Music163 - INFO -   [109] 東方钢琴祭：幻梦终醒 本无不散之宴 | 播放:5,601,612 | 收藏:158,750 | 歌曲:245
2025-11-25 10:40:49 - Music163 - INFO -   [110] 『物哀纯音』漫天飞舞的红叶，暮色黄昏 | 播放:6,378,310 | 收藏:85,931 | 歌曲:81
2025-11-25 10:40:49 - Music163 - INFO -   [111] 『纯音乐』当雨滴敲响琴键 | 播放:11,782,280 | 收藏:147,581 | 歌曲:68
2025-11-25 10:40:49 - Music163 - INFO -   [112] 国风新潮大赏 | 歌声岂合世间闻 | 播放:12,688,422 | 收藏:77,619 | 歌曲:137
2025-11-25 10:40:49 - Music163 - INFO -   [113] 华语民谣 I 孤独的心诠释诗意和远方 | 播放:30,632,980 | 收藏:251,724 | 歌曲:287
2025-11-25 10:40:49 - Music163 - INFO -   [114] 电影中的钢琴曲｜最会讲故事² | 播放:17,132,116 | 收藏:305,342 | 歌曲:59
2025-11-25 10:40:49 - Music163 - INFO -   [115] 钢琴独奏 | 当世界喧嚣时 宇宙依然宁静 | 播放:2,800,318 | 收藏:28,755 | 歌曲:235
2025-11-25 10:40:49 - Music163 - INFO -   [116] Techno/House | 动感节拍 自由 澎湃 氛围 | 播放:19,259 | 收藏:112 | 歌曲:65
2025-11-25 10:40:49 - Music163 - INFO -   [117] 电子·中国风 I 感受角徵宫商的荡气回肠 | 播放:29,664,514 | 收藏:729,251 | 歌曲:524
2025-11-25 10:40:49 - Music163 - INFO -   [118] 诗人篇 | 那些藏在音乐里的文学宝藏 | 播放:2,905,490 | 收藏:35,433 | 歌曲:44
2025-11-25 10:40:49 - Music163 - INFO -   [119] 少女心ღ｜恋爱是颗苹果糖 | 播放:3,353,399 | 收藏:85,721 | 歌曲:35
2025-11-25 10:40:49 - Music163 - INFO -   [120] 夜雀酒吧｜爵士与幻想乡少女的酒宴 | 播放:3,215,578 | 收藏:70,366 | 歌曲:94
2025-11-25 10:40:49 - Music163 - INFO -   [121] 时空储蓄罐 -「钢琴全集」| 学习 • 静心 | 播放:222,871 | 收藏:4,109 | 歌曲:85
2025-11-25 10:40:49 - Music163 - INFO -   [122] 复古派对|一起跳欢乐的舞蹈吗 | 播放:592,370 | 收藏:9,182 | 歌曲:42
2025-11-25 10:40:49 - Music163 - INFO -   [123] 『小酒馆』剑与魔法 · 旅途中的休憩时光 | 播放:14,412,182 | 收藏:317,979 | 歌曲:128
2025-11-25 10:40:49 - Music163 - INFO -   [124] 电影中的钢琴曲丨恋语哼唱，佳片有约 | 播放:1,838,418 | 收藏:23,308 | 歌曲:32
2025-11-25 10:40:49 - Music163 - INFO -   [125] 穿越1980s | 搭上复古列车驶向黄金年代 | 播放:12,930 | 收藏:193 | 歌曲:47
2025-11-25 10:40:49 - Music163 - INFO -   [126] 【摇曳着的优雅与浪漫】三步华尔兹 | 播放:5,976,201 | 收藏:113,689 | 歌曲:32
2025-11-25 10:40:49 - Music163 - INFO -   [127] 电音//有点撩骚的萨克斯 | 播放:10,574,410 | 收藏:120,493 | 歌曲:46
2025-11-25 10:40:49 - Music163 - INFO -   [128] 「雨之摇滚·倾听爱与自由乐章」 | 播放:2,191,668 | 收藏:7,556 | 歌曲:103
2025-11-25 10:40:49 - Music163 - INFO -   [129] 東方抒情集：一梦华胥 永眠不散之宴 | 播放:4,031,419 | 收藏:78,635 | 歌曲:265
2025-11-25 10:40:49 - Music163 - INFO -   [130] 霓虹浪漫 | 日式复古 蒸汽波原曲 采样集 | 播放:25,076 | 收藏:354 | 歌曲:131
2025-11-25 10:40:49 - Music163 - INFO -   [131] 百首必备ACG/日系良曲精选集(普及向) | 播放:7,186,027 | 收藏:169,579 | 歌曲:364
2025-11-25 10:40:49 - Music163 - INFO -   [132] 冰気电子 ' 沉溺于绮旷的荒芜之境 | 播放:6,677,489 | 收藏:108,242 | 歌曲:72
2025-11-25 10:40:49 - Music163 - INFO -   [133] 『学霸模式』让音乐来陪伴一天的学习 | 播放:8,520,207 | 收藏:112,531 | 歌曲:280
2025-11-25 10:40:49 - Music163 - INFO -   [134] 氛围感｜蓝调 R&B与SOUL交织的慵懒微醺夜 | 播放:45,673 | 收藏:513 | 歌曲:133
2025-11-25 10:40:49 - Music163 - INFO -   [135] 高速疾驰|午夜狂飙动感旋律 | 播放:78,194 | 收藏:441 | 歌曲:30
2025-11-25 10:40:49 - Music163 - INFO -   [136] 「四夜人集合！」夜鹿 真夜中 夜游 可惜夜 | 播放:362,721 | 收藏:9,225 | 歌曲:152
2025-11-25 10:40:49 - Music163 - INFO -   [137] 浪漫涩气向BGM｜做饭开车 超爽节奏能量拉满 | 播放:142,042 | 收藏:2,346 | 歌曲:85
2025-11-25 10:40:49 - Music163 - INFO -   [138] 『梦幻噪音治愈手册』自赏派编织的斑斓绮梦 | 播放:3,395,971 | 收藏:34,533 | 歌曲:60
2025-11-25 10:40:49 - Music163 - INFO -   [139] 不得了！这些英文歌的热评信息量好大…… | 播放:33,638,444 | 收藏:534,545 | 歌曲:63
2025-11-25 10:40:49 - Music163 - INFO -   [140] 『曲作精选』细数古风圈原创作曲人❶ | 播放:30,544,024 | 收藏:685,993 | 歌曲:193
2025-11-25 10:40:49 - Music163 - INFO -   [141] 古典｜从巴洛克到浪漫的你，温柔绵长。 | 播放:15,300,262 | 收藏:398,944 | 歌曲:41
2025-11-25 10:40:49 - Music163 - INFO -   [142] 日系治愈：无法抗拒的温柔男声 | 播放:4,373,418 | 收藏:71,634 | 歌曲:47
2025-11-25 10:40:49 - Music163 - INFO -   [143] 唯美震撼：聆听地球自然的呼吸 | 播放:2,595,224 | 收藏:52,938 | 歌曲:100
2025-11-25 10:40:49 - Music163 - INFO -   [144] 新式后摇 | 致敬旅行者号 最孤独的星际行者 | 播放:334,776 | 收藏:3,132 | 歌曲:195
2025-11-25 10:40:49 - Music163 - INFO -   [145] 音乐不眠！那些音乐题材的电影 | 播放:6,144,634 | 收藏:96,892 | 歌曲:54
2025-11-25 10:40:49 - Music163 - INFO -   [146] 乐器之王——钢琴 | 从古至今的指尖魅力 | 播放:4,080,186 | 收藏:58,431 | 歌曲:73
2025-11-25 10:40:49 - Music163 - INFO -   [147] 国风之旅 | 古韵古香 山河万水烟火人间 | 播放:37,693 | 收藏:171 | 歌曲:67
2025-11-25 10:40:49 - Music163 - INFO -   [148] 公路音乐|纵情追逐梦想与远方 | 播放:4,438,185 | 收藏:51,165 | 歌曲:60
2025-11-25 10:40:49 - Music163 - INFO -   [149] 那些只听前奏就中毒的英文歌 | 播放:195,656,896 | 收藏:3,825,402 | 歌曲:16
2025-11-25 10:40:49 - Music163 - INFO -   [150] 【欧美氛围】｜听节奏布鲁斯才是正经事儿 | 播放:322,441 | 收藏:3,254 | 歌曲:33
2025-11-25 10:40:52 - Music163 - INFO - 正在爬取第 4/20 页，获取到 50 个歌单
2025-11-25 10:40:52 - Music163 - INFO -   [151] Rainy | 阴雨连绵 独属于自己的音乐时刻 | 播放:811,850 | 收藏:14,831 | 歌曲:38
2025-11-25 10:40:52 - Music163 - INFO -   [152] ［自然纪］生命之律｜大自然的语言 | 播放:13,879,829 | 收藏:342,249 | 歌曲:123
2025-11-25 10:40:52 - Music163 - INFO -   [153] 牛掰的人是这样拉小提琴的！ | 播放:18,024,320 | 收藏:420,047 | 歌曲:114
2025-11-25 10:40:52 - Music163 - INFO -   [154] 美式/运动/打球 有你听过但不知道歌名的 | 播放:35,530 | 收藏:387 | 歌曲:207
2025-11-25 10:40:52 - Music163 - INFO -   [155] 致郁纯音丨那些用符号编织的梦境 | 播放:577,364 | 收藏:6,566 | 歌曲:61
2025-11-25 10:40:52 - Music163 - INFO -   [156] 华语独立乐团｜将温柔塞满黄昏 | 播放:5,911,329 | 收藏:21,407 | 歌曲:102
2025-11-25 10:40:52 - Music163 - INFO -   [157] 有刺无刺 gbc 哭泣少女乐队 （全收集） | 播放:340,727 | 收藏:7,099 | 歌曲:79
2025-11-25 10:40:52 - Music163 - INFO -   [158] 评论过万的英文歌与潜力股 | 播放:154,193,248 | 收藏:2,443,722 | 歌曲:112
2025-11-25 10:40:52 - Music163 - INFO -   [159] 小酒馆咖啡厅 | 复古浪漫 微醺 蓝调爵士乐 | 播放:1,180,118 | 收藏:13,544 | 歌曲:114
2025-11-25 10:40:52 - Music163 - INFO -   [160] 经典韩语歌曲｜宿命感极强神曲 | 播放:96,090 | 收藏:788 | 歌曲:54
2025-11-25 10:40:52 - Music163 - INFO -   [161] 【民谣盛宴】100首必听欧美民谣 | 播放:33,643,328 | 收藏:604,801 | 歌曲:100
2025-11-25 10:40:52 - Music163 - INFO -   [162] Bossa Nova惬意的下午茶时光 | 播放:4,497,079 | 收藏:46,718 | 歌曲:45
2025-11-25 10:40:52 - Music163 - INFO -   [163] 「Smooth Jazz」柔顺爵士，都市悠闲 | 播放:4,854,296 | 收藏:57,106 | 歌曲:71
2025-11-25 10:40:52 - Music163 - INFO -   [164] 新古典集 I 三滴空明，庆赏无厌 | 播放:5,609,291 | 收藏:88,117 | 歌曲:98
2025-11-25 10:40:52 - Music163 - INFO -   [165] 旅行轻小调 | 山野万里 你是我微风里的欢喜 | 播放:10,633 | 收藏:160 | 歌曲:100
2025-11-25 10:40:52 - Music163 - INFO -   [166] 『欧美R&B Trap』沉浸式抓耳旋律说唱 | 播放:6,245,649 | 收藏:59,910 | 歌曲:214
2025-11-25 10:40:52 - Music163 - INFO -   [167] 100位欧美90后歌手：他们把青春给了音乐 | 播放:18,405,158 | 收藏:241,590 | 歌曲:100
2025-11-25 10:40:52 - Music163 - INFO -   [168] 【毒】开口沉醉，迷失于这女声 | 播放:16,713,974 | 收藏:313,677 | 歌曲:19
2025-11-25 10:40:52 - Music163 - INFO -   [169] 日系jazz hiphop,鼓点里的浪漫气息 | 播放:4,536,754 | 收藏:81,627 | 歌曲:61
2025-11-25 10:40:52 - Music163 - INFO -   [170] 呼喊与细语，欧美古典电影精选 | 播放:3,163,127 | 收藏:52,005 | 歌曲:85
2025-11-25 10:40:52 - Music163 - INFO -   [171] 玫瑰全都给你 可不可以把你给我？ | 播放:9,744,291 | 收藏:102,765 | 歌曲:97
2025-11-25 10:40:52 - Music163 - INFO -   [172] 美学轻音 | 孤独 寂静 放空 冥想 宿命感 | 播放:17,630 | 收藏:196 | 歌曲:79
2025-11-25 10:40:52 - Music163 - INFO -   [173] 电子lofi-低保真 高级随性 浪漫 松弛 氛围 | 播放:4,202 | 收藏:66 | 歌曲:65
2025-11-25 10:40:52 - Music163 - INFO -   [174] 不期而遇丨indie音乐场景·「韩国乐队」 | 播放:586,058 | 收藏:7,980 | 歌曲:155
2025-11-25 10:40:52 - Music163 - INFO -   [175] 律动R&B/Soul：放轻松就当漫游地球 | 播放:58,403 | 收藏:197 | 歌曲:65
2025-11-25 10:40:52 - Music163 - INFO -   [176] 清爽电子| 律动清新 节奏感超强的电子乐 | 播放:53,691 | 收藏:409 | 歌曲:42
2025-11-25 10:40:52 - Music163 - INFO -   [177] 钢琴前奏｜清新静谧的舒适体验 | 播放:9,702,858 | 收藏:142,288 | 歌曲:303
2025-11-25 10:40:52 - Music163 - INFO -   [178] 全球最动听的法语歌 | 播放:9,313,811 | 收藏:232,730 | 歌曲:30
2025-11-25 10:40:52 - Music163 - INFO -   [179] 国风民谣 |满堂花醉三千客，一剑霜寒十四州 | 播放:18,771,096 | 收藏:278,177 | 歌曲:112
2025-11-25 10:40:52 - Music163 - INFO -   [180] 当你养了一只鸟儿，你就与天空多了一份羁绊 | 播放:31,309 | 收藏:1,311 | 歌曲:62
2025-11-25 10:40:52 - Music163 - INFO -   [181] 东方美学 | 烟雨江南 纵曲踏歌向山河 | 播放:110,929 | 收藏:992 | 歌曲:68
2025-11-25 10:40:52 - Music163 - INFO -   [182] 微醺费洛蒙 | 中文R&B 浪漫 酒精 模糊 艺术 | 播放:76,694 | 收藏:1,203 | 歌曲:146
2025-11-25 10:40:52 - Music163 - INFO -   [183] 【日系纯音向】夏树眠 蝉在叫 人坏掉❤️ | 播放:21,745,436 | 收藏:729,029 | 歌曲:18
2025-11-25 10:40:52 - Music163 - INFO -   [184] 日语‖那些听着都忍不住唱起来的歌曲 | 播放:5,834,766 | 收藏:88,560 | 歌曲:228
2025-11-25 10:40:52 - Music163 - INFO -   [185] 丝之歌｜空洞骑士 游戏音乐合集 | 播放:37,185 | 收藏:621 | 歌曲:117
2025-11-25 10:40:52 - Music163 - INFO -   [186] 『英伦女声』遗世而独立的不列颠玫瑰 | 播放:2,839,514 | 收藏:24,580 | 歌曲:118
2025-11-25 10:40:52 - Music163 - INFO -   [187] •国人的噪声美学| 吾生梦幻间, 何事绁尘羁 | 播放:10,935,706 | 收藏:96,949 | 歌曲:59
2025-11-25 10:40:52 - Music163 - INFO -   [188] 独行浪漫准则 | 一场感官沉浸的华语R&B旅途 | 播放:28,109 | 收藏:88 | 歌曲:100
2025-11-25 10:40:52 - Music163 - INFO -   [189] Synthwave | 復古电子 落日霓虹下浪漫畅想 | 播放:10,633 | 收藏:116 | 歌曲:69
2025-11-25 10:40:52 - Music163 - INFO -   [190] 那些有点冷门但非常好听的日语歌 | 播放:283,910 | 收藏:6,599 | 歌曲:165
2025-11-25 10:40:52 - Music163 - INFO -   [191] 弦声摇曳&魅影婆娑——悲泣的提琴之魂 | 播放:4,463,368 | 收藏:111,335 | 歌曲:62
2025-11-25 10:40:52 - Music163 - INFO -   [192] 浪漫电子| 银河浪潮 迷幻 律动 城市霓虹 | 播放:9,301 | 收藏:103 | 歌曲:67
2025-11-25 10:40:52 - Music163 - INFO -   [193] 轻快日式浪漫|温柔花绽夜之谣 | 播放:107,266 | 收藏:1,130 | 歌曲:119
2025-11-25 10:40:52 - Music163 - INFO -   [194] 爵士与散步可兼得 | 播放:8,159,005 | 收藏:146,712 | 歌曲:25
2025-11-25 10:40:52 - Music163 - INFO -   [195] 前奏封神｜开口跪｜副歌跪 | 播放:97,846 | 收藏:1,191 | 歌曲:219
2025-11-25 10:40:52 - Music163 - INFO -   [196] 遇见你｜剩下的话我们慢慢讲 | 播放:452,473 | 收藏:671 | 歌曲:31
2025-11-25 10:40:52 - Music163 - INFO -   [197] [我是人间客，闲来听花落] | 播放:77,816 | 收藏:997 | 歌曲:108
2025-11-25 10:40:52 - Music163 - INFO -   [198] 艺术之魂丨电影中那些至美的「肖邦时刻」 | 播放:677,819 | 收藏:5,703 | 歌曲:39
2025-11-25 10:40:52 - Music163 - INFO -   [199] 给我一把弹不累的吉他 | 播放:4,116,280 | 收藏:60,974 | 歌曲:33
2025-11-25 10:40:52 - Music163 - INFO -   [200] 小众系｜宝岛台湾的温柔海风 | 播放:6,459,856 | 收藏:30,020 | 歌曲:88
2025-11-25 10:40:55 - Music163 - INFO - 正在爬取第 5/20 页，获取到 50 个歌单
2025-11-25 10:40:55 - Music163 - INFO -   [201] 女巫专用｜“ 我们是女巫的女儿们”  | 播放:191,858 | 收藏:7,426 | 歌曲:40
2025-11-25 10:40:55 - Music163 - INFO -   [202] 「造语歌」穿透灵魂 如唱诗般空灵唯美♪ | 播放:13,954,338 | 收藏:484,603 | 歌曲:91
2025-11-25 10:40:55 - Music163 - INFO -   [203] 【明日方舟】塞壬唱片中那些好听到爆的歌 | 播放:58,055 | 收藏:1,086 | 歌曲:131
2025-11-25 10:40:55 - Music163 - INFO -   [204] 宿命感拉满！听前奏就破防的bgm | 播放:55,031 | 收藏:537 | 歌曲:62
2025-11-25 10:40:55 - Music163 - INFO -   [205] 经典老歌，久听不厌 | 播放:324,992,000 | 收藏:3,468,819 | 歌曲:115
2025-11-25 10:40:55 - Music163 - INFO -   [206] 钢琴摇滚 I 浪子赠予诗人的一纸情书 | 播放:1,813,859 | 收藏:22,354 | 歌曲:85
2025-11-25 10:40:55 - Music163 - INFO -   [207] 『异域幻想』妖精乡 · 骑士的放浪冒险谭 | 播放:4,163,440 | 收藏:83,707 | 歌曲:158
2025-11-25 10:40:55 - Music163 - INFO -   [208] 欧美小慵懒 | 舒缓 纯净 治愈 轻柔小调 | 播放:15,282 | 收藏:184 | 歌曲:169
2025-11-25 10:40:55 - Music163 - INFO -   [209] 当春风吹进民谣里【欧美篇】 | 播放:1,843,061 | 收藏:25,245 | 歌曲:20
2025-11-25 10:40:55 - Music163 - INFO -   [210] 明日方舟有歌词的音乐合集 | 播放:1,603,143 | 收藏:28,812 | 歌曲:184
2025-11-25 10:40:55 - Music163 - INFO -   [211] 电影慰时光 | 华语怀旧文艺片精选 | 播放:6,972,847 | 收藏:63,967 | 歌曲:90
2025-11-25 10:40:55 - Music163 - INFO -   [212] 女权主义 | 背挺直一点往前站一点 | 播放:68,429 | 收藏:1,189 | 歌曲:200
2025-11-25 10:40:55 - Music163 - INFO -   [213] 【反派】哼着这些歌卡着节奏犯罪 | 播放:487,165 | 收藏:11,511 | 歌曲:73
2025-11-25 10:40:55 - Music163 - INFO -   [214] 「日语」戴上耳机享受属于自己的音乐世界 | 播放:34,195 | 收藏:321 | 歌曲:282
2025-11-25 10:40:55 - Music163 - INFO -   [215] 背景音乐珍藏，总有一天你会用上的 | 播放:8,735,800 | 收藏:255,922 | 歌曲:36
2025-11-25 10:40:55 - Music163 - INFO -   [216] 「BTC4」这tm的才叫音乐｜时间减速带  | 播放:4,999,212 | 收藏:67,686 | 歌曲:246
2025-11-25 10:40:55 - Music163 - INFO -   [217] 微醺蓝调爵士夜：小酒馆里的复古浪漫絮语 | 播放:97,241 | 收藏:707 | 歌曲:66
2025-11-25 10:40:55 - Music163 - INFO -   [218] 梦核、怪核等核类助眠音乐合集 | 播放:32,389 | 收藏:616 | 歌曲:98
2025-11-25 10:40:55 - Music163 - INFO -   [219] Afro律动 | 『野性脉搏：世界律动之吻』 | 播放:47,210 | 收藏:531 | 歌曲:67
2025-11-25 10:40:55 - Music163 - INFO -   [220] 魑魅夜行抄｜中式怪诞听觉志异 | 播放:8,096 | 收藏:178 | 歌曲:75
2025-11-25 10:40:55 - Music163 - INFO -   [221] 那些值得反复听的广播剧仙品 | 播放:28,386 | 收藏:985 | 歌曲:51
2025-11-25 10:40:55 - Music163 - INFO -   [222] 海外屠榜级｜一首炸穿，全榜沦陷的神级单曲 | 播放:122,273 | 收藏:864 | 歌曲:95
2025-11-25 10:40:55 - Music163 - INFO -   [223] 公路旅行 | 自由 澎湃 松弛 随想 氛围 | 播放:39,944 | 收藏:395 | 歌曲:107
2025-11-25 10:40:55 - Music163 - INFO -   [224] 「Midtempo」罗马落日小镇 | 梦幻夕阳旋律 | 播放:56,186 | 收藏:158 | 歌曲:106
2025-11-25 10:40:55 - Music163 - INFO -   [225] 直到某天语言再也说不出我的痛苦 | 播放:104,377 | 收藏:888 | 歌曲:217
2025-11-25 10:40:55 - Music163 - INFO -   [226] R&B ‖ 哪一首才是你心目中的NO.1 | 播放:663,476 | 收藏:4,926 | 歌曲:140
2025-11-25 10:40:55 - Music163 - INFO -   [227] 你让这雨怎么停，没有你我怎么行 | 播放:97,921 | 收藏:453 | 歌曲:42
2025-11-25 10:40:55 - Music163 - INFO -   [228] 松弛感100%/灵魂R&B 舒适 慵懒 迷幻氛围 | 播放:75,023 | 收藏:428 | 歌曲:60
2025-11-25 10:40:55 - Music163 - INFO -   [229] 东斯拉夫丨后苏联时代后朋冷潮的复古美学 | 播放:1,938,604 | 收藏:51,999 | 歌曲:63
2025-11-25 10:40:55 - Music163 - INFO -   [230] 超绝氛围感｜经典韩剧OST | 播放:520,399 | 收藏:4,604 | 歌曲:50
2025-11-25 10:40:55 - Music163 - INFO -   [231] R&B特调:方大同/陶喆/余佳运/…… | 播放:438,831 | 收藏:2,982 | 歌曲:69
2025-11-25 10:40:55 - Music163 - INFO -   [232] 【绝美人声+完美电音】，触电节奏一秒倾心~ | 播放:19,806,378 | 收藏:233,118 | 歌曲:200
2025-11-25 10:40:55 - Music163 - INFO -   [233] Country | 自驾旅行，赏乡野风情 | 播放:2,437,469 | 收藏:24,612 | 歌曲:96
2025-11-25 10:40:55 - Music163 - INFO -   [234] 狂想.奔放.动感.突然想学西语了！✌️ | 播放:3,646,140 | 收藏:39,018 | 歌曲:39
2025-11-25 10:40:55 - Music163 - INFO -   [235] 「潮汐蓝调」慵懒时光 | R&B 海畔浅唱 | 播放:502,247 | 收藏:5,972 | 歌曲:131
2025-11-25 10:40:55 - Music163 - INFO -   [236] 『公路节奏漫游』在旋律里驶向远方 | 播放:11,918 | 收藏:73 | 歌曲:111
2025-11-25 10:40:55 - Music163 - INFO -   [237] 微醺｜暧昧 浪漫 慢摇 慵懒小酒馆bgm | 播放:212,199 | 收藏:4,792 | 歌曲:84
2025-11-25 10:40:55 - Music163 - INFO -   [238] 【国际顶级英文歌曲】好听到耳朵怀孕！ | 播放:600,590 | 收藏:4,745 | 歌曲:60
2025-11-25 10:40:55 - Music163 - INFO -   [239] 『慵懒R&B』高级氛围感 宅家松弛时刻 | 播放:377,633 | 收藏:4,072 | 歌曲:186
2025-11-25 10:40:55 - Music163 - INFO -   [240] 嘻哈之巅|20年代华语Rap 忧伤与浪漫 | 播放:116,208 | 收藏:262 | 歌曲:76
2025-11-25 10:40:55 - Music163 - INFO -   [241] 日系无赘述｜直击心灵，一瞬倾心 | 播放:75,207 | 收藏:684 | 歌曲:242
2025-11-25 10:40:55 - Music163 - INFO -   [242] 甜甜的韩语歌｜听完想恋爱了嘛- | 播放:3,888,344 | 收藏:45,850 | 歌曲:203
2025-11-25 10:40:55 - Music163 - INFO -   [243] 巴洛克流行 I 摇滚和古典的美妙结合 | 播放:1,100,335 | 收藏:14,265 | 歌曲:41
2025-11-25 10:40:55 - Music163 - INFO -   [244] 北欧氛围：如梦似幻的静谧之旅 空灵天籁 | 播放:1,183,712 | 收藏:20,702 | 歌曲:92
2025-11-25 10:40:55 - Music163 - INFO -   [245] emo神曲合集：如果忧郁是种天赋 | 播放:601,363 | 收藏:3,087 | 歌曲:102
2025-11-25 10:40:55 - Music163 - INFO -   [246] 英文dj 车载｜ 雨夜 法拉利进行曲 | 播放:486,199 | 收藏:2,656 | 歌曲:113
2025-11-25 10:40:55 - Music163 - INFO -   [247] 「魔鬼花园」律动与节奏之诗 | 播放:91,508 | 收藏:2,523 | 歌曲:191
2025-11-25 10:40:55 - Music163 - INFO -   [248] 想Ta了就再听一遍（对不起所有被我辜负的她 | 播放:160,438 | 收藏:854 | 歌曲:122
2025-11-25 10:40:55 - Music163 - INFO -   [249] Jazz-Hiphop | 爵士嘻哈的不确定答案 | 播放:15,047 | 收藏:177 | 歌曲:27
2025-11-25 10:40:55 - Music163 - INFO -   [250] 席卷全球｜当下燃爆海外的英语流行热单 | 播放:2,464 | 收藏:13 | 歌曲:100
2025-11-25 10:40:57 - Music163 - INFO - 正在爬取第 6/20 页，获取到 50 个歌单
2025-11-25 10:40:57 - Music163 - INFO -   [251] 『氛围感』暧昧满满 恋爱脑必听 | 播放:421,997 | 收藏:4,847 | 歌曲:72
2025-11-25 10:40:57 - Music163 - INFO -   [252] 爱像心脏上插着一把刀 拔出来痛 按下去也痛 | 播放:35,030 | 收藏:975 | 歌曲:254
2025-11-25 10:40:57 - Music163 - INFO -   [253] 【新中式R&B】如林中清泉 仙气入耳  | 播放:71,411 | 收藏:1,377 | 歌曲:193
2025-11-25 10:40:57 - Music163 - INFO -   [254] 温柔的摇滚吟颂者 | 播放:5,302,104 | 收藏:97,287 | 歌曲:62
2025-11-25 10:40:57 - Music163 - INFO -   [255] 张惠妹，孙燕姿，莫文蔚，黄丽玲，那英 | 播放:3,829 | 收藏:32 | 歌曲:114
2025-11-25 10:40:57 - Music163 - INFO -   [256] 最怕rapper唱情歌｜旋律说唱｜嘻哈｜ | 播放:6,784,496 | 收藏:44,365 | 歌曲:144
2025-11-25 10:40:57 - Music163 - INFO -   [257] 烹饪时光，灵动音乐随身相伴 | 播放:198,817 | 收藏:2,017 | 歌曲:96
2025-11-25 10:40:57 - Music163 - INFO -   [258] 沉沦蓝调时刻的忧伤【纯音乐】 | 播放:258,004 | 收藏:7,451 | 歌曲:190
2025-11-25 10:40:57 - Music163 - INFO -   [259] 【Jazzhiphop】威士忌/西海岸/混沌武士 | 播放:575,516 | 收藏:7,301 | 歌曲:170
2025-11-25 10:40:57 - Music163 - INFO -   [260] 说唱 | 戴上耳机感受绝对理性 | 播放:3,450,971 | 收藏:36,833 | 歌曲:58
2025-11-25 10:40:57 - Music163 - INFO -   [261] 韩语｜bgm响起氛围感宿命感拉满 | 播放:790,925 | 收藏:8,088 | 歌曲:65
2025-11-25 10:40:57 - Music163 - INFO -   [262] 你撑把小纸伞 叹因缘太婉转 | 播放:194,231 | 收藏:3,997 | 歌曲:51
2025-11-25 10:40:57 - Music163 - INFO -   [263] 是R&B！ 浪漫没有前奏心动至上 | 播放:124,013 | 收藏:639 | 歌曲:61
2025-11-25 10:40:57 - Music163 - INFO -   [264] 东瀛 1980s 都市流行时光机丨City Pop | 播放:1,171,269 | 收藏:28,786 | 歌曲:130
2025-11-25 10:40:57 - Music163 - INFO -   [265] 我总是试图找一个可以依靠的肩膀 却忘了陪 | 播放:507,967 | 收藏:3,385 | 歌曲:70
2025-11-25 10:40:57 - Music163 - INFO -   [266] 香港金牌作曲人第二辑｜如果没有雷颂德 | 播放:4,592,346 | 收藏:37,903 | 歌曲:97
2025-11-25 10:40:57 - Music163 - INFO -   [267] Funk舞厅 · 摇摆于复古派对 | 播放:1,411,729 | 收藏:19,711 | 歌曲:69
2025-11-25 10:40:57 - Music163 - INFO -   [268] 清新R&B/Soul：阳光 松弛 律动氛围感 | 播放:17,201 | 收藏:154 | 歌曲:239
2025-11-25 10:40:57 - Music163 - INFO -   [269] 公路/开车/自驾游/车载音乐 | 播放:255,711 | 收藏:1,728 | 歌曲:134
2025-11-25 10:40:57 - Music163 - INFO -   [270] 极具宿命感的韩语｜我爱你直到时间尽头 | 播放:546,578 | 收藏:4,756 | 歌曲:118
2025-11-25 10:40:57 - Music163 - INFO -   [271] 数学摇滚 | 让复杂的节拍溶解在晴空中. | 播放:124,801 | 收藏:4,729 | 歌曲:155
2025-11-25 10:40:57 - Music163 - INFO -   [272] 你说你的过去总是让你掉眼泪 | 播放:170,361 | 收藏:3,934 | 歌曲:123
2025-11-25 10:40:57 - Music163 - INFO -   [273] 纪念于朦胧：告别君子，愿你来生皆是好风景 | 播放:729,030 | 收藏:8,857 | 歌曲:20
2025-11-25 10:40:57 - Music163 - INFO -   [274] 超棒的日系组合｜夜鹿 YOASOBI 真夜中 | 播放:445,815 | 收藏:7,231 | 歌曲:114
2025-11-25 10:40:57 - Music163 - INFO -   [275] 明日方舟/塞壬唱片/超大杯 | 播放:184,958 | 收藏:3,507 | 歌曲:118
2025-11-25 10:40:57 - Music163 - INFO -   [276] 午后纯音｜风吹树响是生命的歌 | 播放:252,939 | 收藏:3,949 | 歌曲:80
2025-11-25 10:40:57 - Music163 - INFO -   [277] AFRO盛宴｜快乐舞动 享受自由 | 播放:27,076 | 收藏:256 | 歌曲:58
2025-11-25 10:40:57 - Music163 - INFO -   [278] 开心放首位｜外放快乐忘却烦恼 | 播放:7,004 | 收藏:20 | 歌曲:78
2025-11-25 10:40:57 - Music163 - INFO -   [279] 请不要在离别信的末尾加上我爱你 | 播放:101,500 | 收藏:905 | 歌曲:91
2025-11-25 10:40:57 - Music163 - INFO -   [280] 比伯/盆栽/断眉/萌德/烟鬼/酷玩/梦龙 | 播放:1,249,961 | 收藏:11,308 | 歌曲:132
2025-11-25 10:40:57 - Music163 - INFO -   [281] Synthwave復古 | 未来畅想 沉浸霓虹与浪漫 | 播放:3,522 | 收藏:33 | 歌曲:145
2025-11-25 10:40:57 - Music163 - INFO -   [282] 梦核｜。按F键逃离这个世界。( | 播放:51,284 | 收藏:1,235 | 歌曲:45
2025-11-25 10:40:57 - Music163 - INFO -   [283] 「旋律Rnb」 | 律动跳动指尖 丝滑至极 | 播放:11,708 | 收藏:88 | 歌曲:78
2025-11-25 10:40:57 - Music163 - INFO -   [284] 宿命感很强的古风纯音乐 | 播放:194,878 | 收藏:3,506 | 歌曲:126
2025-11-25 10:40:57 - Music163 - INFO -   [285] 秋日氛围｜舒适惬意 温良的风徐徐吹来 | 播放:106,477 | 收藏:775 | 歌曲:110
2025-11-25 10:40:57 - Music163 - INFO -   [286] 2026格莱美最佳R&B：新时代独立女性之歌 | 播放:75,283 | 收藏:496 | 歌曲:93
2025-11-25 10:40:57 - Music163 - INFO -   [287] 理性古典｜穿越时空深渊的冷冽诗篇 | 播放:45,728 | 收藏:1,889 | 歌曲:86
2025-11-25 10:40:57 - Music163 - INFO -   [288] 人声后摇 I 怎奈何琼夜一嗓伶俜 | 播放:3,825,773 | 收藏:49,334 | 歌曲:117
2025-11-25 10:40:57 - Music163 - INFO -   [289] 耳机享用丨那些前奏秒杀的英文歌 | 播放:435,484 | 收藏:4,258 | 歌曲:104
2025-11-25 10:40:57 - Music163 - INFO -   [290] 百花撞了春风 万物蕴含希望 | 播放:44,006 | 收藏:1,239 | 歌曲:65
2025-11-25 10:40:57 - Music163 - INFO -   [291] 急救！急需R&B节奏心跳起搏器 | 播放:140,803 | 收藏:772 | 歌曲:120
2025-11-25 10:40:57 - Music163 - INFO -   [292] 日系恶犬rap/大阪街头肆意人生 | 播放:133,110 | 收藏:3,300 | 歌曲:104
2025-11-25 10:40:57 - Music163 - INFO -   [293] 微醺费洛蒙：中文R&B的浪漫酒精氛围 | 播放:43,292 | 收藏:678 | 歌曲:201
2025-11-25 10:40:57 - Music163 - INFO -   [294] 流行R&B灵魂律动：感受丝滑旋律的音乐之旅 | 播放:491,465 | 收藏:2,009 | 歌曲:109
2025-11-25 10:40:57 - Music163 - INFO -   [295] 『学习/读书/放松』氛围感咖啡角|治愈系 | 播放:4,366 | 收藏:38 | 歌曲:111
2025-11-25 10:40:57 - Music163 - INFO -   [296] 适合散步时听的神级音乐 | 播放:1,424,862 | 收藏:10,519 | 歌曲:96
2025-11-25 10:40:57 - Music163 - INFO -   [297] 心动旋律丨虚幻荒诞下的另类浪漫 | 播放:1,402,699 | 收藏:31,976 | 歌曲:165
2025-11-25 10:40:57 - Music163 - INFO -   [298] 小众轻音乐「愿你像风一样自由」 | 播放:114,797 | 收藏:3,587 | 歌曲:80
2025-11-25 10:40:57 - Music163 - INFO -   [299] 欧美R&B潮流精选，邂逅心动的旋律 | 播放:52,507 | 收藏:525 | 歌曲:145
2025-11-25 10:40:57 - Music163 - INFO -   [300] 【虐文 酸涩文必备BGM】时间是一支笔 | 播放:1,445,812 | 收藏:16,602 | 歌曲:149
2025-11-25 10:40:59 - Music163 - INFO - 正在爬取第 7/20 页，获取到 50 个歌单
2025-11-25 10:40:59 - Music163 - INFO -   [301] 蓝草选集 I 触碰三月暖阳，哼唱轻快小调 | 播放:2,734,119 | 收藏:42,008 | 歌曲:90
2025-11-25 10:40:59 - Music163 - INFO -   [302] 超燃健身曲｜让肌肉跟着节奏呼吸 | 播放:197,999 | 收藏:881 | 歌曲:25
2025-11-25 10:40:59 - Music163 - INFO -   [303] 『日系伤感』痛彻心扉的眼泪 | 播放:26,710 | 收藏:372 | 歌曲:127
2025-11-25 10:40:59 - Music163 - INFO -   [304] 氛围后摇 | 被孤立的鲸 偶遇坠入海底的星 | 播放:274,993 | 收藏:2,869 | 歌曲:248
2025-11-25 10:40:59 - Music163 - INFO -   [305] 睡觉专用，听了睡不好找我。 | 播放:5,556,376 | 收藏:51,905 | 歌曲:121
2025-11-25 10:40:59 - Music163 - INFO -   [306] 决战NMIXX神曲之巅（全收录共56首） | 播放:35,337 | 收藏:808 | 歌曲:89
2025-11-25 10:40:59 - Music163 - INFO -   [307] 世界之外｜全曲合集 爱能突破次元壁 | 播放:173,080 | 收藏:4,939 | 歌曲:99
2025-11-25 10:40:59 - Music163 - INFO -   [308] 深度睡眠|沉浸迷雾梦境安静氛围助眠轻音乐 | 播放:32,720 | 收藏:604 | 歌曲:35
2025-11-25 10:40:59 - Music163 - INFO -   [309] 提琴如诉：电影人生恰似秋叶静美 | 播放:40,973 | 收藏:274 | 歌曲:30
2025-11-25 10:40:59 - Music163 - INFO -   [310] 【轻音｜钢琴与提琴合奏燃音乐】 | 播放:310,042 | 收藏:6,149 | 歌曲:170
2025-11-25 10:40:59 - Music163 - INFO -   [311] INFP丨安静 温柔 独处 慢热 艺术家 | 播放:2,329,326 | 收藏:32,813 | 歌曲:66
2025-11-25 10:40:59 - Music163 - INFO -   [312] 救命，这些歌害我说话带flow | 播放:280,583 | 收藏:2,569 | 歌曲:31
2025-11-25 10:40:59 - Music163 - INFO -   [313] 好运玄学~多巴胺女孩快乐氛围曲！ | 播放:320,147 | 收藏:2,670 | 歌曲:136
2025-11-25 10:40:59 - Music163 - INFO -   [314] 【韩语宿命感】怦然心动 氛围感bgm | 播放:1,506,579 | 收藏:18,253 | 歌曲:53
2025-11-25 10:40:59 - Music163 - INFO -   [315] 我听到了破万法的回响！ | 播放:368,786 | 收藏:10,850 | 歌曲:94
2025-11-25 10:40:59 - Music163 - INFO -   [316] 因为太敏感 爱与痛苦总是双倍感受. | 播放:89,282 | 收藏:1,129 | 歌曲:87
2025-11-25 10:40:59 - Music163 - INFO -   [317] Afro)一种听着就想摇的音乐 | 播放:2,261,873 | 收藏:30,525 | 歌曲:151
2025-11-25 10:40:59 - Music163 - INFO -   [318] 那就别放下 痛到自己满意为止 | 播放:33,586 | 收藏:538 | 歌曲:80
2025-11-25 10:40:59 - Music163 - INFO -   [319] 说唱|戴上耳机感受绝对理性 | 播放:29,310 | 收藏:160 | 歌曲:96
2025-11-25 10:40:59 - Music163 - INFO -   [320] 纯音乐｜治愈 温暖 助眠 学习 工作 | 播放:139,136 | 收藏:1,807 | 歌曲:131
2025-11-25 10:40:59 - Music163 - INFO -   [321] 『英文R&B』微醺缥游在浪漫时空 | 播放:1,642,275 | 收藏:11,182 | 歌曲:176
2025-11-25 10:40:59 - Music163 - INFO -   [322] 活力满满｜节奏感十足的轻快英文歌曲 | 播放:494,402 | 收藏:7,198 | 歌曲:55
2025-11-25 10:40:59 - Music163 - INFO -   [323] 原神bgm精选，学习工作用（挪德卡莱已更新 | 播放:1,132,273 | 收藏:33,449 | 歌曲:410
2025-11-25 10:40:59 - Music163 - INFO -   [324] 「健身」美式 健身时提高力量听的歌 | 播放:50,449 | 收藏:316 | 歌曲:229
2025-11-25 10:40:59 - Music163 - INFO -   [325] 明日方舟MSR人声电台|有歌词收录，无纯音 | 播放:21,893 | 收藏:376 | 歌曲:173
2025-11-25 10:40:59 - Music163 - INFO -   [326] 乡村摇滚 I 一簇炽而不灼的篝火 | 播放:1,266,917 | 收藏:9,882 | 歌曲:64
2025-11-25 10:40:59 - Music163 - INFO -   [327] 潮牌店BGM/东山口/安福路/太古里 | 播放:4,582,325 | 收藏:51,997 | 歌曲:220
2025-11-25 10:40:59 - Music163 - INFO -   [328] 运动多巴胺｜节奏感超强的轻快英文歌 | 播放:208,983 | 收藏:3,243 | 歌曲:99
2025-11-25 10:40:59 - Music163 - INFO -   [329] 童话风电子｜异世界环游，糖果与幻想 | 播放:934,271 | 收藏:18,889 | 歌曲:56
2025-11-25 10:40:59 - Music163 - INFO -   [330] 节奏布鲁斯 | 如果你也听蓝调 | 播放:29,906 | 收藏:363 | 歌曲:40
2025-11-25 10:40:59 - Music163 - INFO -   [331] 辣妹上线｜甜美hot girl 化妆出街酷拽BGM | 播放:45,257 | 收藏:239 | 歌曲:83
2025-11-25 10:40:59 - Music163 - INFO -   [332] 让人放松的爵士纯音乐 | 播放:1,768,086 | 收藏:25,667 | 歌曲:295
2025-11-25 10:40:59 - Music163 - INFO -   [333] R&B海风夜：酒吧里的浪漫放松时光 | 播放:135,952 | 收藏:1,125 | 歌曲:114
2025-11-25 10:40:59 - Music163 - INFO -   [334] 〖孤独摇滚〗完整版歌单(107首全收录) | 播放:1,316,993 | 收藏:42,413 | 歌曲:107
2025-11-25 10:40:59 - Music163 - INFO -   [335] 「日语 男音」一秒沦陷的少年啊 慵懒.欲望. | 播放:314,104 | 收藏:7,269 | 歌曲:169
2025-11-25 10:40:59 - Music163 - INFO -   [336] 卧室音乐｜一个人的闲暇氛围感 | 播放:77,635 | 收藏:897 | 歌曲:60
2025-11-25 10:40:59 - Music163 - INFO -   [337] 高能量歌曲:净化负面磁场 助力显化成功 | 播放:1,255,845 | 收藏:11,403 | 歌曲:78
2025-11-25 10:40:59 - Music163 - INFO -   [338] 【你也喜欢·黄子弘凡】合集歌单 | 更新中 | 播放:275,056 | 收藏:5,309 | 歌曲:69
2025-11-25 10:40:59 - Music163 - INFO -   [339] 【韩国二三四五代时期封神曲大合集！！】 | 播放:109,484 | 收藏:608 | 歌曲:209
2025-11-25 10:40:59 - Music163 - INFO -   [340] 华语浪漫R&B｜惬意chill向 心动频率100％ | 播放:7,432 | 收藏:77 | 歌曲:78
2025-11-25 10:40:59 - Music163 - INFO -   [341] 塞壬唱片（有歌词的部分） | 播放:353,907 | 收藏:8,155 | 歌曲:189
2025-11-25 10:40:59 - Music163 - INFO -   [342] 欧美扑面而来的宿命感灵感忧伤破碎狂野美丽 | 播放:149,854 | 收藏:2,443 | 歌曲:107
2025-11-25 10:40:59 - Music163 - INFO -   [343] 感激你给我一击 让我学会成长 | 播放:378,330 | 收藏:4,561 | 歌曲:178
2025-11-25 10:40:59 - Music163 - INFO -   [344] 欧美R&B｜“顶级旋律 开口沦陷” | 播放:4,229,131 | 收藏:66,522 | 歌曲:234
2025-11-25 10:40:59 - Music163 - INFO -   [345] TrapSoul｜驶向迈尔密的灵魂调式 | 播放:171,929 | 收藏:1,289 | 歌曲:98
2025-11-25 10:40:59 - Music163 - INFO -   [346] 倾听自然 · 海之遐想 | 播放:21,784,060 | 收藏:424,072 | 歌曲:163
2025-11-25 10:40:59 - Music163 - INFO -   [347] 冲击耳膜！欧美说唱最强音 | 播放:10,995,201 | 收藏:154,929 | 歌曲:31
2025-11-25 10:40:59 - Music163 - INFO -   [348] 欧美｜辣妹拽姐专属旋律 | 播放:193,684 | 收藏:5,225 | 歌曲:44
2025-11-25 10:40:59 - Music163 - INFO -   [349] 幸福像花火一样 一边存在 一边消失 | 播放:119,030 | 收藏:1,772 | 歌曲:113
2025-11-25 10:40:59 - Music163 - INFO -   [350] 华语R&B｜慵懒夜晚写首爱恋的诗 | 播放:182,606 | 收藏:718 | 歌曲:71
2025-11-25 10:41:01 - Music163 - INFO - 正在爬取第 8/20 页，获取到 50 个歌单
2025-11-25 10:41:01 - Music163 - INFO -   [351] 「海量现象级音综回归」燃燥竞演 热爱无畏 | 播放:56,135 | 收藏:363 | 歌曲:102
2025-11-25 10:41:01 - Music163 - INFO -   [352] 华语经典 | 那些属于我们青春的一首歌曲 | 播放:25,368,954 | 收藏:180,729 | 歌曲:239
2025-11-25 10:41:01 - Music163 - INFO -   [353] lofi-低保真 高级随性 浪漫 松弛 氛围 | 播放:254,413 | 收藏:5,042 | 歌曲:67
2025-11-25 10:41:01 - Music163 - INFO -   [354] Future Garage ' 孤独与守望者的悲鸣 | 播放:1,373,478 | 收藏:20,023 | 歌曲:80
2025-11-25 10:41:01 - Music163 - INFO -   [355] 地铁随身听 | 心跳加速的瞬间 | 播放:6,078,244 | 收藏:22,280 | 歌曲:134
2025-11-25 10:41:01 - Music163 - INFO -   [356] 思念太长然而幸福太短 | 播放:237,496 | 收藏:1,858 | 歌曲:95
2025-11-25 10:41:01 - Music163 - INFO -   [357] 韩流节奏｜点燃心灵的K-pop狂想曲 | 播放:66,845 | 收藏:250 | 歌曲:20
2025-11-25 10:41:01 - Music163 - INFO -   [358] 欧美节奏控R&B｜优质治愈缓拍节奏 | 播放:64,090 | 收藏:270 | 歌曲:142
2025-11-25 10:41:01 - Music163 - INFO -   [359] 只恨年少时天资愚钝 没参透缘分 | 播放:85,687 | 收藏:534 | 歌曲:127
2025-11-25 10:41:01 - Music163 - INFO -   [360] 氛围感·干净轻松的旋律，试出耳朵的小确幸~ | 播放:233,170 | 收藏:1,668 | 歌曲:64
2025-11-25 10:41:01 - Music163 - INFO -   [361] 酒馆民谣｜理想三旬，我记得安河桥绿色 | 播放:414,003 | 收藏:1,707 | 歌曲:68
2025-11-25 10:41:01 - Music163 - INFO -   [362] 『慵懒R&B』高级氛围感 宅家松弛时刻 | 播放:20,826 | 收藏:159 | 歌曲:77
2025-11-25 10:41:01 - Music163 - INFO -   [363] 南韩KPOP｜女团｜各种好听抓耳的主打非主打 | 播放:17,516 | 收藏:96 | 歌曲:144
2025-11-25 10:41:01 - Music163 - INFO -   [364] 泰语榜Ⅰ泰语歌曲官方TOP 排行榜(每周更新） | 播放:369,644 | 收藏:2,105 | 歌曲:151
2025-11-25 10:41:01 - Music163 - INFO -   [365] 国产影视主题曲回忆杀 | 播放:38,789 | 收藏:232 | 歌曲:70
2025-11-25 10:41:01 - Music163 - INFO -   [366] 「欧美 超燃 节奏」女生既可以美也可以酷 | 播放:1,965,911 | 收藏:11,153 | 歌曲:108
2025-11-25 10:41:01 - Music163 - INFO -   [367] 郑润泽余佳运沈以诚颜人中队长方大同 | 播放:423,161 | 收藏:3,810 | 歌曲:61
2025-11-25 10:41:01 - Music163 - INFO -   [368] 治愈/梦核/碎掉的镜片反射悲伤的事 | 播放:75,325 | 收藏:2,208 | 歌曲:49
2025-11-25 10:41:01 - Music163 - INFO -   [369] “当真爱降临的时候，请播放这个bgm” | 播放:245,001 | 收藏:2,234 | 歌曲:63
2025-11-25 10:41:01 - Music163 - INFO -   [370] 大师们牛逼轰轰的Swing Jazz | 播放:10,349,252 | 收藏:233,714 | 歌曲:42
2025-11-25 10:41:01 - Music163 - INFO -   [371] 【戏腔专题】伶人入画，一生天涯 | 播放:34,893,716 | 收藏:762,993 | 歌曲:198
2025-11-25 10:41:01 - Music163 - INFO -   [372] 华语经典+小众歌曲｜百听不厌 | 播放:98,392 | 收藏:520 | 歌曲:180
2025-11-25 10:41:01 - Music163 - INFO -   [373] 慵懒欧美R&B:舒慢溺于沉醉 | 播放:2,424,620 | 收藏:13,602 | 歌曲:239
2025-11-25 10:41:01 - Music163 - INFO -   [374] 吸引力法则之「富婆专享」歌单 | 播放:297,833 | 收藏:6,809 | 歌曲:110
2025-11-25 10:41:01 - Music163 - INFO -   [375] 极简主义 | 听见。即诗。 | 播放:13,505,589 | 收藏:318,645 | 歌曲:134
2025-11-25 10:41:01 - Music163 - INFO -   [376] 「薛之谦」我喜欢你 从一而终 | 播放:345,158 | 收藏:2,171 | 歌曲:187
2025-11-25 10:41:01 - Music163 - INFO -   [377] 47（律师版 古典歌单｜在律所上班时 我在听 | 播放:23,060 | 收藏:1,367 | 歌曲:167
2025-11-25 10:41:01 - Music163 - INFO -   [378] 后朋克｜梦摇｜ 宁静的夜晚陪伴温柔的人 | 播放:106,015 | 收藏:3,014 | 歌曲:135
2025-11-25 10:41:01 - Music163 - INFO -   [379] 霉霉/碧梨/Sia/阿黛尔/艾薇儿/打雷姐/A妹 | 播放:4,061,268 | 收藏:30,931 | 歌曲:137
2025-11-25 10:41:01 - Music163 - INFO -   [380] ENFP高能量运动骑车上班通勤bgm｜开心上班 | 播放:422,476 | 收藏:4,033 | 歌曲:21
2025-11-25 10:41:01 - Music163 - INFO -   [381] jazzhiphop｜属于周末的爵士慵懒 | 播放:133,672 | 收藏:3,965 | 歌曲:75
2025-11-25 10:41:01 - Music163 - INFO -   [382] 苦难触碰我的灵魂，我借春光抚平棱角 | 播放:107,745 | 收藏:4,377 | 歌曲:159
2025-11-25 10:41:01 - Music163 - INFO -   [383] 【ACG日系】如梦想与过去所共鸣的回响 | 播放:24,123 | 收藏:534 | 歌曲:230
2025-11-25 10:41:01 - Music163 - INFO -   [384] 小众高级感 | 微醺R&B 慵懒暧昧 浪漫的味道 | 播放:1,953,271 | 收藏:18,758 | 歌曲:178
2025-11-25 10:41:01 - Music163 - INFO -   [385] 欧美高燃｜美式硬汉混剪踩点BGM | 播放:915,754 | 收藏:6,610 | 歌曲:160
2025-11-25 10:41:01 - Music163 - INFO -   [386] 浪漫星空物语☆空灵嗓音与星辰旋律 | 播放:4,263,399 | 收藏:55,933 | 歌曲:128
2025-11-25 10:41:01 - Music163 - INFO -   [387] 华语 R&B｜藏着独特瞬间的旋律 | 播放:476,156 | 收藏:2,063 | 歌曲:41
2025-11-25 10:41:01 - Music163 - INFO -   [388] 卧室闲时：氛围感拉满的音乐 | 播放:654,832 | 收藏:11,375 | 歌曲:53
2025-11-25 10:41:01 - Music163 - INFO -   [389] 【如果你也喜欢·加木】合集歌单（继更） | 播放:985,793 | 收藏:9,328 | 歌曲:52
2025-11-25 10:41:01 - Music163 - INFO -   [390] 经典华语丨每一首都值得单曲循环的经典老歌 | 播放:411,065 | 收藏:1,680 | 歌曲:106
2025-11-25 10:41:01 - Music163 - INFO -   [391] Indie pop｜野火燃烧 灰烬里无我 | 播放:128,749 | 收藏:2,849 | 歌曲:87
2025-11-25 10:41:01 - Music163 - INFO -   [392] 『INFJ』渴望灵魂共振的自我救赎论者 | 播放:64,636 | 收藏:938 | 歌曲:142
2025-11-25 10:41:01 - Music163 - INFO -   [393] 慵懒 复古风慢节奏 低保真轻音乐 | 播放:270,390 | 收藏:4,294 | 歌曲:141
2025-11-25 10:41:01 - Music163 - INFO -   [394] R&B氛围丨万缕柔情 拂动心弦 | 播放:2,233,680 | 收藏:20,012 | 歌曲:112
2025-11-25 10:41:01 - Music163 - INFO -   [395] 《治愈催眠系》可以让人心情平静的音乐 | 播放:4,684,432 | 收藏:53,312 | 歌曲:149
2025-11-25 10:41:01 - Music163 - INFO -   [396] 纯粹纯音｜美学寂静的悠远旋律 | 播放:99,201 | 收藏:9,678 | 歌曲:157
2025-11-25 10:41:01 - Music163 - INFO -   [397] 旋律控狂喜！越听越上瘾的欧美歌曲 | 播放:15,345 | 收藏:841 | 歌曲:177
2025-11-25 10:41:01 - Music163 - INFO -   [398] 儿子娃娃 (新疆足球之歌) | 播放:53,825 | 收藏:59 | 歌曲:51
2025-11-25 10:41:01 - Music163 - INFO -   [399] 洗澡不用切（kpop/欧美） | 播放:1,707,165 | 收藏:17,650 | 歌曲:145
2025-11-25 10:41:01 - Music163 - INFO -   [400] 『Tropical』有没有一首电音，让你相拥海洋 | 播放:18,033 | 收藏:89 | 歌曲:153
2025-11-25 10:41:03 - Music163 - INFO - 正在爬取第 9/20 页，获取到 50 个歌单
2025-11-25 10:41:03 - Music163 - INFO -   [401] 格莱美历年最受欢迎冠军封神热单 欧美控 | 播放:6,392,348 | 收藏:90,715 | 歌曲:135
2025-11-25 10:41:03 - Music163 - INFO -   [402] 是R&B！适合洗澡做作业加班享受～ | 播放:4,673,283 | 收藏:55,808 | 歌曲:53
2025-11-25 10:41:03 - Music163 - INFO -   [403] 【反乌托邦】活着，就是不顺从 | 播放:106,556 | 收藏:3,174 | 歌曲:86
2025-11-25 10:41:03 - Music163 - INFO -   [404] 痛在瞬间都结冰｜痛苦说唱 | 播放:87,913 | 收藏:622 | 歌曲:183
2025-11-25 10:41:03 - Music163 - INFO -   [405] 五楼 酒吧老板的凌晨Funk（放克） | 播放:9,447,903 | 收藏:145,341 | 歌曲:137
2025-11-25 10:41:03 - Music163 - INFO -   [406] 运动【硬曲】【战歌起】自律时代 | 播放:151,692 | 收藏:1,041 | 歌曲:99
2025-11-25 10:41:03 - Music163 - INFO -   [407] 听库洛音乐 品漂泊人生 | 播放:22,044 | 收藏:367 | 歌曲:29
2025-11-25 10:41:03 - Music163 - INFO -   [408] 欧美节奏控｜轻快好听的英文歌 | 播放:89,015 | 收藏:8,662 | 歌曲:83
2025-11-25 10:41:03 - Music163 - INFO -   [409] 中文说唱｜马思唯｜法老｜杨和苏｜Ty｜刘聪 | 播放:1,055,592 | 收藏:6,012 | 歌曲:170
2025-11-25 10:41:03 - Music163 - INFO -   [410] 让孤独找到温暖的港湾. | 播放:437,116 | 收藏:3,579 | 歌曲:96
2025-11-25 10:41:03 - Music163 - INFO -   [411] 人声后摇 | 灵魂与鼓点的碰撞 | 播放:1,679,856 | 收藏:25,079 | 歌曲:90
2025-11-25 10:41:03 - Music163 - INFO -   [412] 粤语女声：永远心仪 | 播放:44,134,900 | 收藏:353,232 | 歌曲:98
2025-11-25 10:41:03 - Music163 - INFO -   [413] 【00后回忆杀】那年经典和你 | 播放:503,123 | 收藏:1,524 | 歌曲:52
2025-11-25 10:41:03 - Music163 - INFO -   [414] 自由 旷野||律动无处不在 纵享丝滑afro | 播放:229,713 | 收藏:3,057 | 歌曲:35
2025-11-25 10:41:03 - Music163 - INFO -   [415] 原神背景音乐-安静学习篇 | 播放:202,337 | 收藏:4,973 | 歌曲:156
2025-11-25 10:41:03 - Music163 - INFO -   [416] 置身旷野：心向原野 与自然相拥 涉旷野丛林 | 播放:400,535 | 收藏:4,385 | 歌曲:99
2025-11-25 10:41:03 - Music163 - INFO -   [417] 一颗狼星_许篮心 | 月落的声音 | 播放:8,528 | 收藏:229 | 歌曲:90
2025-11-25 10:41:03 - Music163 - INFO -   [418] 公路歌单｜自由 澎湃 松弛 随想 氛围 | 播放:1,372,362 | 收藏:15,685 | 歌曲:114
2025-11-25 10:41:03 - Music163 - INFO -   [419] BE 氛围曲｜一个人安静听的歌 | 播放:450,679 | 收藏:5,254 | 歌曲:124
2025-11-25 10:41:03 - Music163 - INFO -   [420] 情歌R&B｜萦绕耳畔的浪漫絮语 | 播放:8,426,430 | 收藏:67,984 | 歌曲:99
2025-11-25 10:41:03 - Music163 - INFO -   [421] 中世纪｜精灵的咏叹调 骑士的旅程 | 播放:97,077 | 收藏:4,248 | 歌曲:117
2025-11-25 10:41:03 - Music163 - INFO -   [422] 深夜说唱独白：一个人的情绪出口 | 播放:292,864 | 收藏:7,353 | 歌曲:70
2025-11-25 10:41:03 - Music163 - INFO -   [423] 『百首日系可爱元气萌音』 | 播放:5,600,233 | 收藏:129,711 | 歌曲:116
2025-11-25 10:41:03 - Music163 - INFO -   [424] 《鸣潮》游戏内外好听却不知道歌名的歌曲 | 播放:133,537 | 收藏:2,243 | 歌曲:103
2025-11-25 10:41:03 - Music163 - INFO -   [425] 日系流行音乐精选｜走过没有你的街道 | 播放:577,229 | 收藏:12,148 | 歌曲:335
2025-11-25 10:41:03 - Music163 - INFO -   [426] 中文说唱｜“顶级腔调 超神韵脚” | 播放:229,596 | 收藏:2,834 | 歌曲:81
2025-11-25 10:41:03 - Music163 - INFO -   [427] 极度治愈｜抚平心灵的纯音乐集 | 播放:196,539 | 收藏:10,294 | 歌曲:39
2025-11-25 10:41:03 - Music163 - INFO -   [428] 去你吗的答应我会幸福 | 播放:332,865 | 收藏:3,700 | 歌曲:110
2025-11-25 10:41:03 - Music163 - INFO -   [429] 时光音乐会| 动听的旋律，顶级的献唱 | 播放:236,777 | 收藏:501 | 歌曲:107
2025-11-25 10:41:03 - Music163 - INFO -   [430] 宿命感纯音乐｜救赎感BE虐文 破碎催泪氛围 | 播放:4,480 | 收藏:53 | 歌曲:41
2025-11-25 10:41:03 - Music163 - INFO -   [431] ITZY 特种兵女团劲舞热血代表作 | 播放:15,316 | 收藏:54 | 歌曲:48
2025-11-25 10:41:03 - Music163 - INFO -   [432] 『古典』不要温和地走进那良夜 | 播放:208,682 | 收藏:5,850 | 歌曲:178
2025-11-25 10:41:03 - Music163 - INFO -   [433] 200首华语金曲，KTV必点过这些歌 | 播放:64,842 | 收藏:181 | 歌曲:235
2025-11-25 10:41:03 - Music163 - INFO -   [434] 『轻音乐』解压丨放松丨学习丨午睡丨助眠 | 播放:3,246,074 | 收藏:26,423 | 歌曲:134
2025-11-25 10:41:03 - Music163 - INFO -   [435] 『置身旷野』寂静 幽美 于绿色山谷之间 | 播放:510,882 | 收藏:6,074 | 歌曲:50
2025-11-25 10:41:03 - Music163 - INFO -   [436] 【如果你也喜欢·郑润泽】合集歌单  | 播放:1,715,699 | 收藏:23,316 | 歌曲:48
2025-11-25 10:41:03 - Music163 - INFO -   [437] 另类独立曲风：肆意疯长 在破碎中走向新生 | 播放:563,344 | 收藏:12,494 | 歌曲:152
2025-11-25 10:41:03 - Music163 - INFO -   [438] 改变磁场，吸引好运，绝对玄学 | 播放:453,983 | 收藏:7,079 | 歌曲:157
2025-11-25 10:41:03 - Music163 - INFO -   [439] 宇多田光｜出道25周年TOP30【自选】 | 播放:78,946 | 收藏:1,148 | 歌曲:68
2025-11-25 10:41:03 - Music163 - INFO -   [440] 「Techno House」激昂鼓点 | 科技舞池氛围 | 播放:30,767 | 收藏:163 | 歌曲:30
2025-11-25 10:41:03 - Music163 - INFO -   [441] 看着我的时候你又在想着谁. | 播放:13,161 | 收藏:189 | 歌曲:146
2025-11-25 10:41:03 - Music163 - INFO -   [442] 古风戏腔|人间过客皆入戏，吟戏何须水镜台 | 播放:51,767 | 收藏:353 | 歌曲:106
2025-11-25 10:41:03 - Music163 - INFO -   [443] 『秋日遐想』独处放空 空气中弥漫着惬意 | 播放:21,515 | 收藏:226 | 歌曲:61
2025-11-25 10:41:03 - Music163 - INFO -   [444] 中古西幻｜悠远的传说和绵长的歌声 | 播放:224,845 | 收藏:7,570 | 歌曲:93
2025-11-25 10:41:03 - Music163 - INFO -   [445] 精选ACG丨少女乐队番的含金量！ | 播放:538,921 | 收藏:10,416 | 歌曲:52
2025-11-25 10:41:03 - Music163 - INFO -   [446] 精神共鸣｜史诗级吟唱词曲封神之作 | 播放:14,232 | 收藏:296 | 歌曲:69
2025-11-25 10:41:03 - Music163 - INFO -   [447] 布鲁斯摇滚丨公路行驶丨狂野 | 播放:354,701 | 收藏:5,252 | 歌曲:97
2025-11-25 10:41:03 - Music163 - INFO -   [448] 欧美|疯批美学 你逐渐零落的模样可真美 | 播放:38,256 | 收藏:568 | 歌曲:29
2025-11-25 10:41:03 - Music163 - INFO -   [449] B面第一首 "非主打"备胎的忧伤 | 播放:4,290,817 | 收藏:20,183 | 歌曲:93
2025-11-25 10:41:03 - Music163 - INFO -   [450] 禁止焦绿｜放轻松就当漫游地球 | 播放:460,747 | 收藏:3,752 | 歌曲:99
2025-11-25 10:41:05 - Music163 - INFO - 正在爬取第 10/20 页，获取到 50 个歌单
2025-11-25 10:41:05 - Music163 - INFO -   [451] Amapiano | 一些很喜欢的Afro元素音乐 | 播放:163,538 | 收藏:1,816 | 歌曲:112
2025-11-25 10:41:05 - Music163 - INFO -   [452] 泰语｜玫 瑰 何 须 长 成 松 柏 | 播放:108,325 | 收藏:2,248 | 歌曲:419
2025-11-25 10:41:05 - Music163 - INFO -   [453] 我醒了 确定我们真的不行 | 播放:105,910 | 收藏:422 | 歌曲:140
2025-11-25 10:41:05 - Music163 - INFO -   [454] 这些声音里藏着故事（粤语男声篇） | 播放:3,390,624 | 收藏:16,675 | 歌曲:122
2025-11-25 10:41:05 - Music163 - INFO -   [455] 星穹铁道|愿此行终抵群星 | 播放:22,220 | 收藏:739 | 歌曲:71
2025-11-25 10:41:05 - Music163 - INFO -   [456] 【全球下载量最高的单曲】 Top 100 | 播放:369,661 | 收藏:1,994 | 歌曲:106
2025-11-25 10:41:05 - Music163 - INFO -   [457] “去见山，去看海”—摇滚不死 | 播放:112,642 | 收藏:560 | 歌曲:126
2025-11-25 10:41:05 - Music163 - INFO -   [458] 朝气满满 | 清晨醒来必听的活力英文小调 | 播放:1,658,524 | 收藏:11,498 | 歌曲:181
2025-11-25 10:41:05 - Music163 - INFO -   [459] 沉浸学习 | 自然白噪音 · 深夜细雨 · 小雪煮茶 | 播放:126,601 | 收藏:1,155 | 歌曲:118
2025-11-25 10:41:05 - Music163 - INFO -   [460] Afro—music｜欧美流行｜跟着节奏晃 | 播放:148,913 | 收藏:1,668 | 歌曲:143
2025-11-25 10:41:05 - Music163 - INFO -   [461] 摇滚遇民谣｜碰撞出的治愈旋律 | 播放:337,847 | 收藏:2,425 | 歌曲:151
2025-11-25 10:41:05 - Music163 - INFO -   [462] 旅行BGM｜公路 海边 森林 沙漠 | 播放:133,012 | 收藏:1,974 | 歌曲:141
2025-11-25 10:41:05 - Music163 - INFO -   [463] 骑行|公路之歌 诗和远方 | 播放:207,368 | 收藏:1,322 | 歌曲:110
2025-11-25 10:41:05 - Music163 - INFO -   [464] 韩剧OST｜那些年追过的韩剧・经典篇 | 播放:2,776,684 | 收藏:16,197 | 歌曲:165
2025-11-25 10:41:05 - Music163 - INFO -   [465] 小甜歌｜心动频率满格 暧昧上头氛围BGM | 播放:1,890,254 | 收藏:8,091 | 歌曲:62
2025-11-25 10:41:05 - Music163 - INFO -   [466] 和风｜物哀，如得其情，则哀矜而勿喜 | 播放:11,206,833 | 收藏:277,652 | 歌曲:81
2025-11-25 10:41:05 - Music163 - INFO -   [467] 慵懒沿海调｜落日海滩·肆意奔跑的自由旋律 | 播放:2,375 | 收藏:33 | 歌曲:38
2025-11-25 10:41:05 - Music163 - INFO -   [468] 【韩语】【梦女】（持更）爱为什么痛彻心扉 | 播放:73,670 | 收藏:1,366 | 歌曲:173
2025-11-25 10:41:05 - Music163 - INFO -   [469] 那些宿命感很强的韩文歌曲 | 播放:277,245 | 收藏:8,031 | 歌曲:48
2025-11-25 10:41:05 - Music163 - INFO -   [470] 曾经的风，曾经的雨，曾经的你 | 播放:22,367 | 收藏:275 | 歌曲:57
2025-11-25 10:41:05 - Music163 - INFO -   [471] KPOP随舞 | 这谁能忍住不跟跳 | 播放:19,340,884 | 收藏:149,751 | 歌曲:155
2025-11-25 10:41:05 - Music163 - INFO -   [472] 超强踩点英文歌/跑步健身BGM | 播放:72,464 | 收藏:726 | 歌曲:205
2025-11-25 10:41:05 - Music163 - INFO -   [473] 《鸣潮》人声歌曲合集（更新至2.8） | 播放:62,902 | 收藏:1,135 | 歌曲:83
2025-11-25 10:41:05 - Music163 - INFO -   [474] 『治愈放空系』在暮色与繁花里 邂逅温柔 | 播放:2,984 | 收藏:35 | 歌曲:61
2025-11-25 10:41:05 - Music163 - INFO -   [475] 通勤向/日系R&B/新宿街头漫步 | 播放:8,654 | 收藏:150 | 歌曲:65
2025-11-25 10:41:05 - Music163 - INFO -   [476] 安德烈·波切利精选集~穿越心灵的声音 | 播放:1,537,133 | 收藏:30,336 | 歌曲:95
2025-11-25 10:41:05 - Music163 - INFO -   [477] 高级感chill｜慵懒放松 卧室暧昧氛围 | 播放:2,755,952 | 收藏:37,550 | 歌曲:176
2025-11-25 10:41:05 - Music163 - INFO -   [478] 「五人组 五根手指合在一起就是拳贵」 | 播放:157,935 | 收藏:804 | 歌曲:111
2025-11-25 10:41:05 - Music163 - INFO -   [479] 一听就明媚的高能量万能歌单 | 播放:1,930,308 | 收藏:14,494 | 歌曲:86
2025-11-25 10:41:05 - Music163 - INFO -   [480] 经典『神仙打架的华语乐坛』_经典华语歌曲 | 播放:30,994 | 收藏:97 | 歌曲:94
2025-11-25 10:41:05 - Music163 - INFO -   [481] 英文节奏控｜驾车轻快的旋律集 | 播放:127,368 | 收藏:9,402 | 歌曲:59
2025-11-25 10:41:05 - Music163 - INFO -   [482] 大提琴 （小）｜纠缠停顿的质感 | 播放:51,406 | 收藏:677 | 歌曲:145
2025-11-25 10:41:05 - Music163 - INFO -   [483] 幸福都是马赛克 唯有痛苦是高清 | 播放:23,380 | 收藏:257 | 歌曲:89
2025-11-25 10:41:05 - Music163 - INFO -   [484] 听风、雨、树叶和阳光 | 播放:49,819 | 收藏:2,281 | 歌曲:58
2025-11-25 10:41:05 - Music163 - INFO -   [485] 「KPOP随舞」一起来操场随舞吗 | 播放:207,793 | 收藏:966 | 歌曲:160
2025-11-25 10:41:05 - Music163 - INFO -   [486] 华语浪漫情歌｜元气多巴胺 快乐能量充电站 | 播放:21,120 | 收藏:77 | 歌曲:56
2025-11-25 10:41:05 - Music163 - INFO -   [487] 爱肯定是有痕迹的 吻痕 牙印 淤青 巴掌印 | 播放:18,314 | 收藏:196 | 歌曲:47
2025-11-25 10:41:05 - Music163 - INFO -   [488] 人都是越爱越可爱的 谢谢你来爱我 我也爱你 | 播放:21,410 | 收藏:67 | 歌曲:91
2025-11-25 10:41:05 - Music163 - INFO -   [489] K-pop现象神曲 | 回听韩流超世代音浪 | 播放:162,227 | 收藏:957 | 歌曲:52
2025-11-25 10:41:05 - Music163 - INFO -   [490] 充满神性的宗教感音乐/到达祂的领域 | 播放:1,076,196 | 收藏:29,719 | 歌曲:95
2025-11-25 10:41:05 - Music163 - INFO -   [491] 生活给了我一拳 我原地睡了一天 | 播放:47,857 | 收藏:305 | 歌曲:278
2025-11-25 10:41:05 - Music163 - INFO -   [492] 糟糕！怎麼又淪陷了？|小氣鬼情歌OoO | 播放:65,661 | 收藏:1,214 | 歌曲:50
2025-11-25 10:41:05 - Music163 - INFO -   [493] 我总是在想如果能一直活在幸福的瞬间就好了 | 播放:174,097 | 收藏:1,562 | 歌曲:141
2025-11-25 10:41:05 - Music163 - INFO -   [494] 杨丞琳房间里的大象南昌佛山演唱会歌单 | 播放:6,987 | 收藏:171 | 歌曲:55
2025-11-25 10:41:05 - Music163 - INFO -   [495] 欧美放松向丨假期需要点节奏放松 | 播放:4,160,926 | 收藏:33,691 | 歌曲:265
2025-11-25 10:41:05 - Music163 - INFO -   [496] 浪漫主义 献给爱与美 | 播放:4,393,952 | 收藏:63,990 | 歌曲:66
2025-11-25 10:41:05 - Music163 - INFO -   [497] 【突破】健身  (精神氮泵-极限组的小曲) | 播放:179,544 | 收藏:1,026 | 歌曲:197
2025-11-25 10:41:05 - Music163 - INFO -   [498] 【殿堂级说唱】体验真正的欧美炸街RAP·R&B | 播放:17,432 | 收藏:82 | 歌曲:115
2025-11-25 10:41:05 - Music163 - INFO -   [499] Relaxing Songs | 下班后与音乐一起归家吧 | 播放:380,720 | 收藏:2,293 | 歌曲:80
2025-11-25 10:41:05 - Music163 - INFO -   [500] 人和人之间是一场仓促的骤雨 | 播放:879,751 | 收藏:13,006 | 歌曲:76
2025-11-25 10:41:07 - Music163 - INFO - 正在爬取第 11/20 页，获取到 50 个歌单
2025-11-25 10:41:07 - Music163 - INFO -   [501] 汪苏泷2025十万伏特2.0杭州南宁演唱会歌单 | 播放:570,556 | 收藏:5,451 | 歌曲:176
2025-11-25 10:41:07 - Music163 - INFO -   [502] 暧昧情节｜暗恋就像一颗颗的青梅果 | 播放:1,447 | 收藏:9 | 歌曲:52
2025-11-25 10:41:07 - Music163 - INFO -   [503] 如果有人爱我的所有 我一定不会哭 | 播放:34,123 | 收藏:328 | 歌曲:50
2025-11-25 10:41:07 - Music163 - INFO -   [504] 咖啡店循环一整天的氛围感歌单 | 播放:2,052,194 | 收藏:14,203 | 歌曲:35
2025-11-25 10:41:07 - Music163 - INFO -   [505] 梓渝的音乐世界：耳机里的独家分享 | 播放:16,685 | 收藏:232 | 歌曲:182
2025-11-25 10:41:07 - Music163 - INFO -   [506] 春野/藤井風/米津玄师/Vaundy | 播放:38,957 | 收藏:784 | 歌曲:147
2025-11-25 10:41:07 - Music163 - INFO -   [507] 『旷野之上』让自由与勇敢在风中飞扬 | 播放:183,290 | 收藏:1,558 | 歌曲:122
2025-11-25 10:41:07 - Music163 - INFO -   [508] 『citypop』日本泡沫经济时代最迷人的旋律 | 播放:2,240,575 | 收藏:52,447 | 歌曲:179
2025-11-25 10:41:07 - Music163 - INFO -   [509] 中文说唱之法老|寻找hiphop乌托邦的独行侠 | 播放:49,331 | 收藏:258 | 歌曲:132
2025-11-25 10:41:07 - Music163 - INFO -   [510] 立冬快乐！被温柔的歌包裹 和世界软软贴贴 | 播放:254,035 | 收藏:369 | 歌曲:30
2025-11-25 10:41:07 - Music163 - INFO -   [511] 张杰未LIVE开往1982演唱会歌单台州站 | 播放:1,363,270 | 收藏:14,618 | 歌曲:74
2025-11-25 10:41:07 - Music163 - INFO -   [512] 高潮节奏感超强的踩点音乐 | 播放:13,247,464 | 收藏:80,035 | 歌曲:99
2025-11-25 10:41:07 - Music163 - INFO -   [513] 【中文/R&B】浪漫 暧昧 缠绵 小众氛围感 | 播放:179,884 | 收藏:2,083 | 歌曲:93
2025-11-25 10:41:07 - Music163 - INFO -   [514] 「后摇」远离人群又害怕孤独 | 播放:10,813 | 收藏:49 | 歌曲:171
2025-11-25 10:41:07 - Music163 - INFO -   [515] 痛苦细水流长(Be氛围感舒缓慢节奏) | 播放:480,982 | 收藏:2,620 | 歌曲:154
2025-11-25 10:41:07 - Music163 - INFO -   [516] 节奏怨曲｜这就是R&B | 播放:775,528 | 收藏:8,824 | 歌曲:120
2025-11-25 10:41:07 - Music163 - INFO -   [517] [日系]绝美女声，前奏秒杀.每一首都是精选~ | 播放:134,316 | 收藏:1,421 | 歌曲:171
2025-11-25 10:41:07 - Music163 - INFO -   [518] 压力越来越大｜听男人的歌｜ | 播放:504,758 | 收藏:2,367 | 歌曲:105
2025-11-25 10:41:07 - Music163 - INFO -   [519] 巴西 Funk/残暴美学/暴力美学 | 播放:92,957 | 收藏:990 | 歌曲:40
2025-11-25 10:41:07 - Music163 - INFO -   [520] 性张力｜雨天抒情浪漫做饭 | 播放:564,482 | 收藏:10,129 | 歌曲:158
2025-11-25 10:41:07 - Music163 - INFO -   [521] 小狗电台｜高能量显化歌单｜enfp | 播放:175,193 | 收藏:1,575 | 歌曲:136
2025-11-25 10:41:07 - Music163 - INFO -   [522] 『法式咖啡馆』慵懒惬意漫时光 | 播放:3,224,455 | 收藏:41,711 | 歌曲:123
2025-11-25 10:41:07 - Music163 - INFO -   [523] 极致节奏感｜游戏必备超燃战曲 | 播放:514,347 | 收藏:2,686 | 歌曲:148
2025-11-25 10:41:07 - Music163 - INFO -   [524] 亲爱的塞西莉亚，我们缘分未尽 | 播放:129,635 | 收藏:3,055 | 歌曲:55
2025-11-25 10:41:07 - Music163 - INFO -   [525] 『欧美R&B』如果忧郁是种天赋 | 播放:199,421 | 收藏:1,407 | 歌曲:130
2025-11-25 10:41:07 - Music163 - INFO -   [526] 有些歌，前奏响起就热泪盈眶了 | 播放:220,003 | 收藏:545 | 歌曲:51
2025-11-25 10:41:07 - Music163 - INFO -   [527] 不爽的时候就该听点爽歌 | 播放:201,216 | 收藏:4,545 | 歌曲:47
2025-11-25 10:41:07 - Music163 - INFO -   [528] 开车听的美国乡村音乐（B） | 播放:6,729,672 | 收藏:89,749 | 歌曲:233
2025-11-25 10:41:07 - Music163 - INFO -   [529] Cyber Electronic / 赛博 未来 边缘之声 | 播放:21,687 | 收藏:193 | 歌曲:23
2025-11-25 10:41:07 - Music163 - INFO -   [530] ［华语嘻哈］说唱里的浪漫与青春 | 播放:905 | 收藏:3 | 歌曲:99
2025-11-25 10:41:07 - Music163 - INFO -   [531] 解不开的心结 就让时间来解 | 播放:277,769 | 收藏:2,110 | 歌曲:176
2025-11-25 10:41:07 - Music163 - INFO -   [532] 【超燃英文歌】学习or跑步必备 | 播放:465,514 | 收藏:8,122 | 歌曲:86
2025-11-25 10:41:07 - Music163 - INFO -   [533] 古风DJ丨天下谁人不识君 | 播放:4,389,531 | 收藏:43,700 | 歌曲:101
2025-11-25 10:41:07 - Music163 - INFO -   [534] 情歌｜再给我一次机会 绝对不会再喜欢你 | 播放:139,682 | 收藏:542 | 歌曲:178
2025-11-25 10:41:07 - Music163 - INFO -   [535] 我开始不再许愿 或许真的会事与愿违 | 播放:48,286 | 收藏:560 | 歌曲:92
2025-11-25 10:41:07 - Music163 - INFO -   [536] 【美女必备歌单】高辣/拽姐/辣妹 | 播放:166,679 | 收藏:1,183 | 歌曲:111
2025-11-25 10:41:07 - Music163 - INFO -   [537] 秋日私语丨藏在歌词里的思念 | 播放:9,406 | 收藏:27 | 歌曲:25
2025-11-25 10:41:07 - Music163 - INFO -   [538] 国风R&B的碰撞｜春风几度绕心头 | 播放:8,528 | 收藏:129 | 歌曲:49
2025-11-25 10:41:07 - Music163 - INFO -   [539] 高级感｜氛围感｜舒缓英文歌｜持续更新 | 播放:2,130,930 | 收藏:23,281 | 歌曲:134
2025-11-25 10:41:07 - Music163 - INFO -   [540] 拒绝emo｜不必烦恼 快乐多巴胺在耳边回荡 | 播放:227,823 | 收藏:585 | 歌曲:41
2025-11-25 10:41:07 - Music163 - INFO -   [541] 恋爱脑退散！做个清醒独立大女主 | 播放:137,762 | 收藏:1,043 | 歌曲:50
2025-11-25 10:41:07 - Music163 - INFO -   [542] 相遇不一定有结果，但一定有意义 | 播放:359,517 | 收藏:1,359 | 歌曲:135
2025-11-25 10:41:07 - Music163 - INFO -   [543] 好心情和天气同步升温₍ᐢ•̥ ̫ •̥ᐢ₎ 轻音乐 | 播放:56,303 | 收藏:411 | 歌曲:77
2025-11-25 10:41:07 - Music163 - INFO -   [544] *浪漫独立乐队*在你耳边轻轻吹起夕阳的晚风 | 播放:72,028 | 收藏:674 | 歌曲:132
2025-11-25 10:41:07 - Music163 - INFO -   [545] 浴室歌王：花洒伴唱嗨到停不下来 | 播放:2,787 | 收藏:4 | 歌曲:38
2025-11-25 10:41:07 - Music163 - INFO -   [546] 华语治愈｜慢慢来 随风所遇此生皆所愿 | 播放:10,444 | 收藏:154 | 歌曲:35
2025-11-25 10:41:07 - Music163 - INFO -   [547] 愚月FoolMoon巡演--昨晚我梦见这里 | 播放:9,692 | 收藏:223 | 歌曲:21
2025-11-25 10:41:07 - Music163 - INFO -   [548] funk度假氛围滤镜·低音线条与鼓点切分律动 | 播放:103 | 收藏:4 | 歌曲:100
2025-11-25 10:41:07 - Music163 - INFO -   [549] 【成分不明】总之就是什么都听 | 播放:44,027 | 收藏:694 | 歌曲:183
2025-11-25 10:41:07 - Music163 - INFO -   [550] 欧美|百听不厌的英文歌 | 播放:4,577,574 | 收藏:32,323 | 歌曲:187
2025-11-25 10:41:09 - Music163 - INFO - 正在爬取第 12/20 页，获取到 50 个歌单
2025-11-25 10:41:09 - Music163 - INFO -   [551] 「风靡全球」曾经爆火的欧美神曲听过吗？ | 播放:94,401 | 收藏:806 | 歌曲:203
2025-11-25 10:41:09 - Music163 - INFO -   [552] 「安静治愈」那些缓解焦虑的纯音乐 | 播放:15,863,084 | 收藏:52,565 | 歌曲:69
2025-11-25 10:41:09 - Music163 - INFO -   [553] 『后朋克』| 阴郁的摇滚美学 | 播放:1,174,068 | 收藏:29,334 | 歌曲:113
2025-11-25 10:41:09 - Music163 - INFO -   [554] 是R&B｜适合洗澡做作业加班享受 | 播放:80,827 | 收藏:249 | 歌曲:56
2025-11-25 10:41:09 - Music163 - INFO -   [555] 元气轻小调 | 清爽欧美 拥抱一天美好心情 | 播放:658 | 收藏:3 | 歌曲:47
2025-11-25 10:41:09 - Music163 - INFO -   [556] 直火帮【巴士的婚礼】2025下半巡歌单 | 播放:47,181 | 收藏:527 | 歌曲:33
2025-11-25 10:41:09 - Music163 - INFO -   [557] INFJ放空｜感受秋日午后微风的惬意 | 播放:234,635 | 收藏:2,347 | 歌曲:125
2025-11-25 10:41:09 - Music163 - INFO -   [558] 夏/春/森系 治愈系音乐 | 播放:11,649 | 收藏:340 | 歌曲:37
2025-11-25 10:41:09 - Music163 - INFO -   [559] 快乐100％｜活力满分 好运磁场活人感Max | 播放:103,936 | 收藏:310 | 歌曲:45
2025-11-25 10:41:09 - Music163 - INFO -   [560] 【欧美金曲榜】抓耳节奏瞬间上头 | 播放:234,035 | 收藏:1,627 | 歌曲:357
2025-11-25 10:41:09 - Music163 - INFO -   [561] 比起相遇后的离别 我更宁愿从未遇见. | 播放:24,770 | 收藏:375 | 歌曲:323
2025-11-25 10:41:09 - Music163 - INFO -   [562] 90与00后的交叉路口‖00后中学回忆杀 | 播放:60,944 | 收藏:266 | 歌曲:125
2025-11-25 10:41:09 - Music163 - INFO -   [563] City of stars｜沉醉巴黎的橙色浪漫夜光中 | 播放:543,818 | 收藏:7,350 | 歌曲:117
2025-11-25 10:41:09 - Music163 - INFO -   [564] 『如果你也喜欢·宋雨琦』合集歌单（继更） | 播放:202,547 | 收藏:2,747 | 歌曲:30
2025-11-25 10:41:09 - Music163 - INFO -   [565] 幸福轻音乐 | 听了让人心情美好的轻音乐 | 播放:124,352 | 收藏:1,816 | 歌曲:43
2025-11-25 10:41:09 - Music163 - INFO -   [566] Drum&Bass | 反叛的精神底色&泄压阀<更新> | 播放:7,327 | 收藏:41 | 歌曲:184
2025-11-25 10:41:09 - Music163 - INFO -   [567] 『人间至宝』ヨルシカ|夜鹿 曲集 | 播放:1,458,874 | 收藏:22,767 | 歌曲:87
2025-11-25 10:41:09 - Music163 - INFO -   [568] 日系摇滚｜日本和风与欧美摇滚的完美结合 | 播放:32,588 | 收藏:445 | 歌曲:100
2025-11-25 10:41:09 - Music163 - INFO -   [569] 韩文流行｜一听就嗨的经典旋律 | 播放:66,626 | 收藏:246 | 歌曲:120
2025-11-25 10:41:09 - Music163 - INFO -   [570] 慢慢长大的小羊 一天一天更坚强 | 播放:446,450 | 收藏:2,824 | 歌曲:50
2025-11-25 10:41:09 - Music163 - INFO -   [571] 如果你能听懂 忧伤旋律 | 播放:274,897 | 收藏:4,067 | 歌曲:48
2025-11-25 10:41:09 - Music163 - INFO -   [572] 回忆刺向心头 或许我们不该相遇 | 播放:15,450 | 收藏:410 | 歌曲:381
2025-11-25 10:41:09 - Music163 - INFO -   [573] 惬意时光丨做个浪漫的白日梦想家 | 播放:1,389,014 | 收藏:13,922 | 歌曲:93
2025-11-25 10:41:09 - Music163 - INFO -   [574] 如果忧郁是种天赋 我想我早已名扬天下 | 播放:302,642 | 收藏:2,802 | 歌曲:83
2025-11-25 10:41:09 - Music163 - INFO -   [575] 欧美粉大考第六弹：水果姐巡演预热派对 | 播放:527 | 收藏:33 | 歌曲:42
2025-11-25 10:41:09 - Music163 - INFO -   [576] 甜酷辣妹|女生都是小猫体质 | 播放:749,884 | 收藏:5,460 | 歌曲:163
2025-11-25 10:41:09 - Music163 - INFO -   [577] 【二刺猿】日漫神曲大盘点根本停不下来 | 播放:2,720,637 | 收藏:43,554 | 歌曲:242
2025-11-25 10:41:09 - Music163 - INFO -   [578] 夜游/夜鹿/真夜中！！ | 播放:236,777 | 收藏:6,098 | 歌曲:142
2025-11-25 10:41:09 - Music163 - INFO -   [579]  『空灵雾境』坠入清冷梦境的寂静序章 | 播放:34,035 | 收藏:571 | 歌曲:46
2025-11-25 10:41:09 - Music163 - INFO -   [580] 中文V家歌单「治愈向」 | 播放:66,816 | 收藏:2,149 | 歌曲:304
2025-11-25 10:41:09 - Music163 - INFO -   [581] 欧美民谣 | 一秒就动心的乡村音乐 | 播放:106,610 | 收藏:693 | 歌曲:73
2025-11-25 10:41:09 - Music163 - INFO -   [582] 你的爱里充斥着谎言和欺骗 你总有各种苦衷 | 播放:100,527 | 收藏:893 | 歌曲:50
2025-11-25 10:41:09 - Music163 - INFO -   [583] 【疯狂抖腿】hook抓耳旋律说唱蹦迪 | 播放:73,486 | 收藏:493 | 歌曲:44
2025-11-25 10:41:09 - Music163 - INFO -   [584] 浪漫&抒情高氛围感纯音乐|钢琴|小提琴 | 播放:1,230,719 | 收藏:14,969 | 歌曲:229
2025-11-25 10:41:09 - Music163 - INFO -   [585] *动感十足*100首英文爆曲 | 播放:2,208,418 | 收藏:12,383 | 歌曲:37
2025-11-25 10:41:09 - Music163 - INFO -   [586] 欧美优质hiphop 顶级唱腔和丝滑flow | 播放:7,941,691 | 收藏:86,719 | 歌曲:146
2025-11-25 10:41:09 - Music163 - INFO -   [587] 本是含情目 却陷相思门. | 播放:61,839 | 收藏:346 | 歌曲:90
2025-11-25 10:41:09 - Music163 - INFO -   [588] 秋日暖心站｜好事总会发生在下个转弯 | 播放:38,092 | 收藏:451 | 歌曲:23
2025-11-25 10:41:09 - Music163 - INFO -   [589] 电影世界计划：无法歌唱的初音未来 | 播放:216,836 | 收藏:5,614 | 歌曲:54
2025-11-25 10:41:09 - Music163 - INFO -   [590] 经典永恒丨世界上最好听的 100 首英文老歌 | 播放:331,101 | 收藏:3,645 | 歌曲:103
2025-11-25 10:41:09 - Music163 - INFO -   [591] 法语旋律控 | 来一场法式浪漫的穿越之旅 | 播放:31,989 | 收藏:319 | 歌曲:60
2025-11-25 10:41:09 - Music163 - INFO -   [592] 00后小羊 | 动画主题曲 聪明勇敢不怕困难 | 播放:16,853 | 收藏:181 | 歌曲:135
2025-11-25 10:41:09 - Music163 - INFO -   [593] 山野听风｜暖洋洋的放松 宁静而满足 | 播放:508,068 | 收藏:4,060 | 歌曲:40
2025-11-25 10:41:09 - Music163 - INFO -   [594] 深夜emo歌单｜凌晨三点你又在想谁/伤感 | 播放:71,213 | 收藏:248 | 歌曲:87
2025-11-25 10:41:09 - Music163 - INFO -   [595] 节奏控｜跑步运动健身燃脂必备 | 播放:102,881 | 收藏:922 | 歌曲:148
2025-11-25 10:41:09 - Music163 - INFO -   [596] 【硬曲】运动 战歌 自律时代 | 播放:98,526 | 收藏:458 | 歌曲:76
2025-11-25 10:41:09 - Music163 - INFO -   [597] 欢快小调：唤醒幸福感和超赞好心情 | 播放:87,497 | 收藏:192 | 歌曲:168
2025-11-25 10:41:09 - Music163 - INFO -   [598] 『治愈纯音』愿你被这世界温柔以待 | 播放:4,100,225 | 收藏:60,260 | 歌曲:172
2025-11-25 10:41:09 - Music163 - INFO -   [599] 学园偶像大师/初星学园 收录曲 [11/16更新] | 播放:140,518 | 收藏:2,090 | 歌曲:82
2025-11-25 10:41:09 - Music163 - INFO -   [600] 情绪避难所：把自己流放到世界某个角落 | 播放:87,606 | 收藏:944 | 歌曲:61
2025-11-25 10:41:11 - Music163 - INFO - 正在爬取第 13/20 页，获取到 50 个歌单
2025-11-25 10:41:11 - Music163 - INFO -   [601] 侠客行│江湖风起云涌，仗剑策马扬鞭 | 播放:1,775,660 | 收藏:10,729 | 歌曲:80
2025-11-25 10:41:11 - Music163 - INFO -   [602] 「掌管宿命感，爆好听的神级纯音乐 | 播放:74,393 | 收藏:1,511 | 歌曲:109
2025-11-25 10:41:11 - Music163 - INFO -   [603] 旋律控｜前奏秒杀一切｜节奏感英文歌单 | 播放:419,356 | 收藏:3,829 | 歌曲:144
2025-11-25 10:41:11 - Music163 - INFO -   [604] ACG心动旋律 | 令人放松的舒适纯音 | 播放:36,093 | 收藏:98 | 歌曲:180
2025-11-25 10:41:11 - Music163 - INFO -   [605] 伤感| 藏在歌词里的困惑与心酸 | 播放:391,057 | 收藏:1,894 | 歌曲:121
2025-11-25 10:41:11 - Music163 - INFO -   [606] 银河快递2025《入梦巡游》巡演歌单 | 播放:134,999 | 收藏:1,956 | 歌曲:37
2025-11-25 10:41:11 - Music163 - INFO -   [607] 《耳膜暴击！天赐的声音顶级Live现场 | 播放:338,871 | 收藏:828 | 歌曲:95
2025-11-25 10:41:11 - Music163 - INFO -   [608] 加木 队长 江辰郑润泽 LBI利比 TC h3R3高旭 | 播放:112,508 | 收藏:2,238 | 歌曲:102
2025-11-25 10:41:11 - Music163 - INFO -   [609] 华语R&B经典|岁月里的温柔与迷惘 | 播放:183,534 | 收藏:406 | 歌曲:62
2025-11-25 10:41:11 - Music163 - INFO -   [610] 欧美流行歌曲/耳熟能详/洗脑神曲 | 播放:743,751 | 收藏:8,285 | 歌曲:206
2025-11-25 10:41:11 - Music163 - INFO -   [611] 一个人享受的氛围感丨English | 播放:110,181 | 收藏:886 | 歌曲:40
2025-11-25 10:41:11 - Music163 - INFO -   [612] 周末充电计划 | 牛马变身超级赛亚人 | 播放:34,846 | 收藏:146 | 歌曲:26
2025-11-25 10:41:11 - Music163 - INFO -   [613] 欢乐｜化妆洗澡时听的歌 | 播放:5,033,476 | 收藏:28,921 | 歌曲:170
2025-11-25 10:41:11 - Music163 - INFO -   [614] 英文｜直到我们逃离凡尘 化为白骨 | 播放:27,223 | 收藏:251 | 歌曲:45
2025-11-25 10:41:11 - Music163 - INFO -   [615] 【韩语playlist】伤感 酸涩 宿命感歌单 | 播放:70,327 | 收藏:537 | 歌曲:161
2025-11-25 10:41:11 - Music163 - INFO -   [616] Kpop女宝生命力｜低谷期必听 | 播放:104,624 | 收藏:1,194 | 歌曲:42
2025-11-25 10:41:11 - Music163 - INFO -   [617] 为你精选口才 | 法老/马思唯/艾志恒Asen | 播放:254,455 | 收藏:355 | 歌曲:61
2025-11-25 10:41:11 - Music163 - INFO -   [618] 那些宿命感很强的韩文歌曲 | 播放:249,112 | 收藏:11,253 | 歌曲:48
2025-11-25 10:41:11 - Music163 - INFO -   [619] 暧昧神曲/rnb/微醺三棱镜与Zy/微醺 | 播放:339,211 | 收藏:3,023 | 歌曲:85
2025-11-25 10:41:11 - Music163 - INFO -   [620] 炒菜R&B | 浪漫 微醺 迷醉 卧室氛围感 | 播放:752,000 | 收藏:12,435 | 歌曲:118
2025-11-25 10:41:11 - Music163 - INFO -   [621] 都市浪漫 | R&B松弛 律动的耳机旋律 | 播放:532 | 收藏:9 | 歌曲:68
2025-11-25 10:41:11 - Music163 - INFO -   [622] 高能量快乐歌｜好运派件 多巴胺飙升UP！ | 播放:180,027 | 收藏:574 | 歌曲:35
2025-11-25 10:41:11 - Music163 - INFO -   [623] 亢奋值100％｜巅峰赛燃曲 极致压迫感Max | 播放:1,405 | 收藏:5 | 歌曲:90
2025-11-25 10:41:11 - Music163 - INFO -   [624] 心底的爱人｜用旋律轻轻诉说 | 播放:59,837 | 收藏:912 | 歌曲:64
2025-11-25 10:41:11 - Music163 - INFO -   [625] 小众治愈｜在惬意的独处时刻放空自己 | 播放:91,957 | 收藏:749 | 歌曲:83
2025-11-25 10:41:11 - Music163 - INFO -   [626] 【日语】总有一天，从绝望的深渊 | 播放:377,574 | 收藏:11,747 | 歌曲:113
2025-11-25 10:41:11 - Music163 - INFO -   [627] 女性主义｜越是恐惧越要出门去 | 播放:73,410 | 收藏:1,854 | 歌曲:97
2025-11-25 10:41:11 - Music163 - INFO -   [628] City POP | 你我皆是都市丽人 | 播放:36,946 | 收藏:660 | 歌曲:48
2025-11-25 10:41:11 - Music163 - INFO -   [629] 秋色向晚│霜降多添衣 愿一切顺心如意 | 播放:104,074 | 收藏:183 | 歌曲:35
2025-11-25 10:41:11 - Music163 - INFO -   [630] 净化耳朵 | 让喧嚣与沉闷被关在音乐之外 | 播放:875,740 | 收藏:1,716 | 歌曲:29
2025-11-25 10:41:11 - Music163 - INFO -   [631] 你的城市和你 都离我太远 | 播放:60,642 | 收藏:266 | 歌曲:95
2025-11-25 10:41:11 - Music163 - INFO -   [632] 清冷破碎感：沉溺于虚幻缥缈的梦境之中 | 播放:827,860 | 收藏:16,077 | 歌曲:118
2025-11-25 10:41:11 - Music163 - INFO -   [633] 国外顶级rap单曲都在这里。 | 播放:413,925 | 收藏:4,814 | 歌曲:117
2025-11-25 10:41:11 - Music163 - INFO -   [634] 情绪/模糊/痛苦说唱 | 情绪废土漫游指南 | 播放:67,988 | 收藏:472 | 歌曲:123
2025-11-25 10:41:11 - Music163 - INFO -   [635] 拾起一片落叶，就把秋捧在了手心 | 播放:20,087 | 收藏:60 | 歌曲:21
2025-11-25 10:41:11 - Music163 - INFO -   [636] 『人生是旷野 不是轨道』去寻找25号底片吧 | 播放:1,625,584 | 收藏:16,307 | 歌曲:257
2025-11-25 10:41:11 - Music163 - INFO -   [637] 18年华章 | 旋律中的成长印记与情感回响 | 播放:16,441 | 收藏:97 | 歌曲:226
2025-11-25 10:41:11 - Music163 - INFO -   [638] 所有人生的谜语都可以从电影找到答案 | 播放:12,308 | 收藏:108 | 歌曲:135
2025-11-25 10:41:11 - Music163 - INFO -   [639] 学园偶像大师 全曲无重复 | 播放:275,291 | 收藏:5,137 | 歌曲:70
2025-11-25 10:41:11 - Music163 - INFO -   [640] 绿野呼吸丨借半日闲暇 把光阴轻倚成歌 | 播放:415,487 | 收藏:4,376 | 歌曲:172
2025-11-25 10:41:11 - Music163 - INFO -   [641] 欧美hiphop高质/Trap美式/精神良剂 | 播放:633,287 | 收藏:6,147 | 歌曲:101
2025-11-25 10:41:11 - Music163 - INFO -   [642] 『薛之谦』你哭着说情缘已尽 难再续 难再续 | 播放:2,388,884 | 收藏:14,716 | 歌曲:129
2025-11-25 10:41:11 - Music163 - INFO -   [643] 治愈系/写作业必备歌单 | 播放:56,816 | 收藏:1,375 | 歌曲:236
2025-11-25 10:41:11 - Music163 - INFO -   [644] Arcaea纯享名曲集｜适合音游人平时娱乐享受 | 播放:266,228 | 收藏:4,026 | 歌曲:191
2025-11-25 10:41:11 - Music163 - INFO -   [645] 回忆似锈青色湖：在旋律里泛起涟漪 | 播放:158,415 | 收藏:6,096 | 歌曲:101
2025-11-25 10:41:11 - Music163 - INFO -   [646] 健身没热情？运动专用耳朵氮泵 | 播放:3,134,324 | 收藏:12,960 | 歌曲:64
2025-11-25 10:41:11 - Music163 - INFO -   [647] 超燃欧美音乐冲击疗法 | 播放:547,779 | 收藏:2,921 | 歌曲:228
2025-11-25 10:41:11 - Music163 - INFO -   [648] 平静英文歌单｜免费、治愈、小众 | 播放:9,335 | 收藏:109 | 歌曲:111
2025-11-25 10:41:11 - Music163 - INFO -   [649] 惬意轻民谣：让舒缓旋律裹住清新风 | 播放:39,776 | 收藏:273 | 歌曲:67
2025-11-25 10:41:11 - Music163 - INFO -   [650] 「旅行伴侣」落日余晖 | 享受复古巴黎夕阳 | 播放:2,249 | 收藏:20 | 歌曲:205
2025-11-25 10:41:13 - Music163 - INFO - 正在爬取第 14/20 页，获取到 50 个歌单
2025-11-25 10:41:13 - Music163 - INFO -   [651] 欧美|疯批美学 你逐渐零落的模样可真美 | 播放:93,944 | 收藏:1,642 | 歌曲:30
2025-11-25 10:41:13 - Music163 - INFO -   [652] 经典『怀念神仙打架的时期』100首金曲精选 | 播放:256,034 | 收藏:1,181 | 歌曲:107
2025-11-25 10:41:13 - Music163 - INFO -   [653] 我为什么总在非常脆弱的时候怀念你 | 播放:110,630 | 收藏:544 | 歌曲:122
2025-11-25 10:41:13 - Music163 - INFO -   [654] 治愈纯音乐 | 人间温柔 聆听时光静好 | 播放:1,575,801 | 收藏:13,031 | 歌曲:144
2025-11-25 10:41:13 - Music163 - INFO -   [655] 低沉鼓点，极致低音享受 「车载」 | 播放:62,683 | 收藏:247 | 歌曲:192
2025-11-25 10:41:13 - Music163 - INFO -   [656] 有人管的时候手破点皮都想伸过去哭一下 | 播放:90,118 | 收藏:347 | 歌曲:217
2025-11-25 10:41:13 - Music163 - INFO -   [657] 「快乐星球」 会让你心情变好的英文歌 | 播放:5,008,538 | 收藏:38,381 | 歌曲:119
2025-11-25 10:41:13 - Music163 - INFO -   [658] 国内R&B 脑海中的旋律转个不停 | 播放:55,753 | 收藏:608 | 歌曲:163
2025-11-25 10:41:13 - Music163 - INFO -   [659] 与生俱来就是代表特别 | 播放:102,953 | 收藏:419 | 歌曲:217
2025-11-25 10:41:13 - Music163 - INFO -   [660] 微醺小酌氛围歌单｜慵懒浪漫 一秒微醺 | 播放:69,187 | 收藏:577 | 歌曲:183
2025-11-25 10:41:13 - Music163 - INFO -   [661] 冬日歌单｜下雪天 慵懒柔软 温暖治愈感 | 播放:924,347 | 收藏:12,491 | 歌曲:98
2025-11-25 10:41:13 - Music163 - INFO -   [662] 水墨江南｜云水缥缈笛声悠扬 | 播放:373,249 | 收藏:3,381 | 歌曲:67
2025-11-25 10:41:13 - Music163 - INFO -   [663] 爱你不如爱只猫【纯音乐】 | 播放:17,668 | 收藏:433 | 歌曲:96
2025-11-25 10:41:13 - Music163 - INFO -   [664] Indie pop｜瑕疵是灵魂防伪标识 | 播放:19,587 | 收藏:500 | 歌曲:70
2025-11-25 10:41:13 - Music163 - INFO -   [665] R&B|缠绕&/指尖/酒杯|慵懒氛围暧昧至死 | 播放:1,166,155 | 收藏:18,071 | 歌曲:46
2025-11-25 10:41:13 - Music163 - INFO -   [666] 欧美R&B RnB｜浪漫慵懒节奏布鲁斯 | 播放:238,806 | 收藏:1,739 | 歌曲:106
2025-11-25 10:41:13 - Music163 - INFO -   [667] 台北記憶｜如果你也喜歡焦安溥的話 | 播放:85,376 | 收藏:1,066 | 歌曲:202
2025-11-25 10:41:13 - Music163 - INFO -   [668] 张韶涵「觅光」 2025巡回演唱会歌单精选 | 播放:1,624,092 | 收藏:19,033 | 歌曲:42
2025-11-25 10:41:13 - Music163 - INFO -   [669] 你说雨后重逢 我便决心走出这个雨季 | 播放:40,679 | 收藏:317 | 歌曲:123
2025-11-25 10:41:13 - Music163 - INFO -   [670] 欧美|疯批美学 你逐渐零落的模样可真美 | 播放:13,010 | 收藏:197 | 歌曲:28
2025-11-25 10:41:13 - Music163 - INFO -   [671] 像风掠过荒原，我的爱意无声 | 播放:123,529 | 收藏:3,112 | 歌曲:99
2025-11-25 10:41:13 - Music163 - INFO -   [672] 风格多变却洗脑十足的日系曲库 | 播放:178,133 | 收藏:3,478 | 歌曲:182
2025-11-25 10:41:13 - Music163 - INFO -   [673] 你的话是我反复回味的旋律 | 播放:92,737 | 收藏:398 | 歌曲:73
2025-11-25 10:41:13 - Music163 - INFO -   [674] 中文嘻哈 ×R&B：低音诉爱与愁 | 播放:48,607 | 收藏:726 | 歌曲:42
2025-11-25 10:41:13 - Music163 - INFO -   [675] 日系缓调｜吹着风听，一切刚好 | 播放:200,058 | 收藏:2,364 | 歌曲:37
2025-11-25 10:41:13 - Music163 - INFO -   [676] ACG燃曲丨冲破桎梏的极限热血！ | 播放:1,376 | 收藏:13 | 歌曲:183
2025-11-25 10:41:13 - Music163 - INFO -   [677] 欧美节奏 | 节奏感满满的欧美歌曲 | 播放:4,580,970 | 收藏:22,198 | 歌曲:294
2025-11-25 10:41:13 - Music163 - INFO -   [678] 去爱去自由｜宝藏乐队歌曲盘点指南 | 播放:12,733 | 收藏:141 | 歌曲:201
2025-11-25 10:41:13 - Music163 - INFO -   [679] 『全员恶人』斯文败类‖偏执‖另类‖疯子 | 播放:68,580 | 收藏:8,921 | 歌曲:109
2025-11-25 10:41:13 - Music163 - INFO -   [680] 【测试音响 耳机震动力度重低高音】戴耳机 | 播放:896,018 | 收藏:4,458 | 歌曲:147
2025-11-25 10:41:13 - Music163 - INFO -   [681] 官宣神曲｜甜到齁的告白浪漫旋律 | 播放:1,195,379 | 收藏:15,376 | 歌曲:113
2025-11-25 10:41:13 - Music163 - INFO -   [682] 中文说唱 各种流派这里都有 | 播放:96,383 | 收藏:1,314 | 歌曲:51
2025-11-25 10:41:13 - Music163 - INFO -   [683] 「节奏引擎·踩准每段旅程」：高燃摇滚与电 | 播放:116,095 | 收藏:411 | 歌曲:45
2025-11-25 10:41:13 - Music163 - INFO -   [684] 经典『怀念神仙打架的年代』_华语经典歌 | 播放:170,304 | 收藏:685 | 歌曲:64
2025-11-25 10:41:13 - Music163 - INFO -   [685] 再听一遍红尘客栈 期待我们未来顶峰相见. | 播放:193,624 | 收藏:673 | 歌曲:61
2025-11-25 10:41:13 - Music163 - INFO -   [686] r&b100首，蓝调时刻的律动与暧昧 | 播放:687,878 | 收藏:4,596 | 歌曲:84
2025-11-25 10:41:13 - Music163 - INFO -   [687] 2025年10月新番/秋季动漫歌曲/更新（十月） | 播放:15,660 | 收藏:188 | 歌曲:196
2025-11-25 10:41:13 - Music163 - INFO -   [688] 此后，“幸福” 二字尘封心底 | 播放:151,603 | 收藏:847 | 歌曲:132
2025-11-25 10:41:13 - Music163 - INFO -   [689] 纯音乐｜专注 放松 阅读 独处 沉浸式 | 播放:98,208 | 收藏:959 | 歌曲:119
2025-11-25 10:41:13 - Music163 - INFO -   [690] 回忆总是刺向心头  或许我们不该相遇 | 播放:61,961 | 收藏:355 | 歌曲:109
2025-11-25 10:41:13 - Music163 - INFO -   [691] 逆爱顺恨，尽在梓渝的歌里 | 播放:53,846 | 收藏:684 | 歌曲:65
2025-11-25 10:41:13 - Music163 - INFO -   [692] 魏如萱『怪奇的珍珠』2025巡演 | 播放:70,365 | 收藏:810 | 歌曲:24
2025-11-25 10:41:13 - Music163 - INFO -   [693] R＆B｜依加 陶喆 方大同 余佳运 郭顶 | 播放:1,755,663 | 收藏:19,821 | 歌曲:166
2025-11-25 10:41:13 - Music163 - INFO -   [694] 我爱稳定的关系和长久的一切 | 播放:49,096 | 收藏:876 | 歌曲:160
2025-11-25 10:41:13 - Music163 - INFO -   [695] 幸好思念无声，否则震耳欲聋 | 播放:204,849 | 收藏:1,402 | 歌曲:207
2025-11-25 10:41:13 - Music163 - INFO -   [696] 经典『堪比神仙打架的时代』_华语经典歌 | 播放:11,174 | 收藏:22 | 歌曲:66
2025-11-25 10:41:13 - Music163 - INFO -   [697] ITZYㅣ出道至今歌曲全收录 | 播放:79,030 | 收藏:1,819 | 歌曲:107
2025-11-25 10:41:13 - Music163 - INFO -   [698] 名为你的一场雨淋的我一病不起 | 播放:319,513 | 收藏:4,249 | 歌曲:72
2025-11-25 10:41:13 - Music163 - INFO -   [699] 让你心跳加速的暗昧旋律 | 播放:111,463 | 收藏:1,572 | 歌曲:37
2025-11-25 10:41:13 - Music163 - INFO -   [700] “永远觉得你好 即使你不喜欢我” | 播放:131,475 | 收藏:345 | 歌曲:244
2025-11-25 10:41:14 - Music163 - INFO - 正在爬取第 15/20 页，获取到 6 个歌单
2025-11-25 10:41:14 - Music163 - INFO -   [701] 巴西Funk：来首精神氮泵助力燃脂 | 播放:14,681 | 收藏:40 | 歌曲:30
2025-11-25 10:41:14 - Music163 - INFO -   [702] ACG治愈 | 回忆复刻 重温动漫里的温情时刻 | 播放:19,646 | 收藏:87 | 歌曲:100
2025-11-25 10:41:14 - Music163 - INFO -   [703] 站内收藏量超千万的欧美热曲安利 | 播放:8,873 | 收藏:35 | 歌曲:71
2025-11-25 10:41:14 - Music163 - INFO -   [704] 【韩语宿命感】伤感 酸涩 执念  遗憾 羁绊 | 播放:3,694 | 收藏:15 | 歌曲:181
2025-11-25 10:41:14 - Music163 - INFO -   [705] 那些你熟悉却又不知道名字的轻音乐 | 播放:123,893,392 | 收藏:2,638,797 | 歌曲:44
2025-11-25 10:41:14 - Music163 - INFO -   [706] 2025秋季动漫热歌|在轻风中聆听温暖与悸动 | 播放:90,727 | 收藏:978 | 歌曲:69
2025-11-25 10:41:17 - Music163 - INFO - 正在爬取第 16/20 页，获取到 6 个歌单
2025-11-25 10:41:17 - Music163 - INFO -   [751] 巴西Funk：来首精神氮泵助力燃脂 | 播放:14,681 | 收藏:40 | 歌曲:30
2025-11-25 10:41:17 - Music163 - INFO -   [752] ACG治愈 | 回忆复刻 重温动漫里的温情时刻 | 播放:19,646 | 收藏:87 | 歌曲:100
2025-11-25 10:41:17 - Music163 - INFO -   [753] 站内收藏量超千万的欧美热曲安利 | 播放:8,873 | 收藏:35 | 歌曲:71
2025-11-25 10:41:17 - Music163 - INFO -   [754] 【韩语宿命感】伤感 酸涩 执念  遗憾 羁绊 | 播放:3,694 | 收藏:15 | 歌曲:181
2025-11-25 10:41:17 - Music163 - INFO -   [755] 那些你熟悉却又不知道名字的轻音乐 | 播放:123,893,392 | 收藏:2,638,797 | 歌曲:44
2025-11-25 10:41:17 - Music163 - INFO -   [756] 2025秋季动漫热歌|在轻风中聆听温暖与悸动 | 播放:90,727 | 收藏:978 | 歌曲:69
2025-11-25 10:41:19 - Music163 - INFO - 正在爬取第 17/20 页，获取到 6 个歌单
2025-11-25 10:41:19 - Music163 - INFO -   [801] 巴西Funk：来首精神氮泵助力燃脂 | 播放:14,681 | 收藏:40 | 歌曲:30
2025-11-25 10:41:19 - Music163 - INFO -   [802] ACG治愈 | 回忆复刻 重温动漫里的温情时刻 | 播放:19,646 | 收藏:87 | 歌曲:100
2025-11-25 10:41:19 - Music163 - INFO -   [803] 站内收藏量超千万的欧美热曲安利 | 播放:8,873 | 收藏:35 | 歌曲:71
2025-11-25 10:41:19 - Music163 - INFO -   [804] 【韩语宿命感】伤感 酸涩 执念  遗憾 羁绊 | 播放:3,694 | 收藏:15 | 歌曲:181
2025-11-25 10:41:19 - Music163 - INFO -   [805] 那些你熟悉却又不知道名字的轻音乐 | 播放:123,893,392 | 收藏:2,638,797 | 歌曲:44
2025-11-25 10:41:19 - Music163 - INFO -   [806] 2025秋季动漫热歌|在轻风中聆听温暖与悸动 | 播放:90,727 | 收藏:978 | 歌曲:69
2025-11-25 10:41:20 - Music163 - INFO - 正在爬取第 18/20 页，获取到 35 个歌单
2025-11-25 10:41:20 - Music163 - INFO -   [851] 巴西Funk：来首精神氮泵助力燃脂 | 播放:14,681 | 收藏:40 | 歌曲:30
2025-11-25 10:41:20 - Music163 - INFO -   [852] ACG治愈 | 回忆复刻 重温动漫里的温情时刻 | 播放:19,646 | 收藏:87 | 歌曲:100
2025-11-25 10:41:20 - Music163 - INFO -   [853] 站内收藏量超千万的欧美热曲安利 | 播放:8,873 | 收藏:35 | 歌曲:71
2025-11-25 10:41:20 - Music163 - INFO -   [854] 【韩语宿命感】伤感 酸涩 执念  遗憾 羁绊 | 播放:3,694 | 收藏:15 | 歌曲:181
2025-11-25 10:41:20 - Music163 - INFO -   [855] 那些你熟悉却又不知道名字的轻音乐 | 播放:123,893,392 | 收藏:2,638,797 | 歌曲:44
2025-11-25 10:41:20 - Music163 - INFO -   [856] 2025秋季动漫热歌|在轻风中聆听温暖与悸动 | 播放:90,727 | 收藏:978 | 歌曲:69
2025-11-25 10:41:20 - Music163 - INFO -   [857] 初音未来术曲精选｜闪耀次元之声 | 播放:2,602 | 收藏:40 | 歌曲:109
2025-11-25 10:41:20 - Music163 - INFO -   [858] 日式秋语 | 落在生命里的风和光都是好天气  | 播放:18,852 | 收藏:151 | 歌曲:69
2025-11-25 10:41:20 - Music163 - INFO -   [859] 野性Funk/暴力美学100% 超燃节奏炸场 | 播放:15,303 | 收藏:200 | 歌曲:46
2025-11-25 10:41:20 - Music163 - INFO -   [860] 2025年10月新番音乐合集 十月新番更新中 | 播放:32,729 | 收藏:371 | 歌曲:94
2025-11-25 10:41:20 - Music163 - INFO -   [861] 丝滑R&B｜浪漫chill氛围 爵士蓝调布鲁斯 | 播放:31,834 | 收藏:271 | 歌曲:150
2025-11-25 10:41:20 - Music163 - INFO -   [862] 灵魂乐之声 | 触动心弦的旋律
 | 播放:24,803 | 收藏:107 | 歌曲:20
2025-11-25 10:41:20 - Music163 - INFO -   [863] 秋风の温柔 | 轻柔耳语 融入心扉的温柔 | 播放:17,504 | 收藏:306 | 歌曲:60
2025-11-25 10:41:20 - Music163 - INFO -   [864] 洗澡时来点R&B，搓起来才带感 | 播放:16,319 | 收藏:69 | 歌曲:61
2025-11-25 10:41:20 - Music163 - INFO -   [865] 万圣节真的不装了！隐藏人格启动 | 播放:153,399 | 收藏:631 | 歌曲:38
2025-11-25 10:41:20 - Music163 - INFO -   [866] 新灵魂乐传奇落幕，D'Angelo的声音永不消逝 | 播放:73,187 | 收藏:375 | 歌曲:35
2025-11-25 10:41:20 - Music163 - INFO -   [867] 【巴西Funk】暴力美学 野性 超燃 爽感 炸场 | 播放:1,099 | 收藏:15 | 歌曲:50
2025-11-25 10:41:20 - Music163 - INFO -   [868] 华语R&B：像一只蝴蝶飞过废墟 | 播放:973 | 收藏:4 | 歌曲:58
2025-11-25 10:41:20 - Music163 - INFO -   [869] 曼波～哈基米南北绿豆：这便是哈的皇朝 | 播放:43,876 | 收藏:498 | 歌曲:103
2025-11-25 10:41:20 - Music163 - INFO -   [870] 华语R&B｜左转灯 到时说爱我 不值得 | 播放:29,575 | 收藏:239 | 歌曲:60
2025-11-25 10:41:20 - Music163 - INFO -   [871] Autumn Vibe｜秋日巷陌 枫叶簌落的寂寥氛围 | 播放:13,888 | 收藏:214 | 歌曲:40
2025-11-25 10:41:20 - Music163 - INFO -   [872] 热播2025年：一网打尽那些心动声音 | 播放:26,614 | 收藏:65 | 歌曲:194
2025-11-25 10:41:20 - Music163 - INFO -   [873] KPOP随舞|这谁能忍住不跟跳 | 播放:2,262 | 收藏:8 | 歌曲:187
2025-11-25 10:41:20 - Music163 - INFO -   [874] 拒绝EMO，听欢快的歌恢复元气吧！ | 播放:4,706 | 收藏:22 | 歌曲:92
2025-11-25 10:41:20 - Music163 - INFO -   [875] R&B旋转滑梯/指尖/暧昧缠绕我和你 | 播放:3,136 | 收藏:35 | 歌曲:44
2025-11-25 10:41:20 - Music163 - INFO -   [876] 小说人必备bgm-暧昧/给看小说的人听的歌 | 播放:33,271 | 收藏:314 | 歌曲:112
2025-11-25 10:41:20 - Music163 - INFO -   [877] 鬼灭上映预习！核爆神曲一次听全！ | 播放:41,788 | 收藏:287 | 歌曲:24
2025-11-25 10:41:20 - Music163 - INFO -   [878] 音乐缘计划2·第二季心跳歌单 | 播放:5,269 | 收藏:48 | 歌曲:62
2025-11-25 10:41:20 - Music163 - INFO -   [879] 梦核纯音乐｜怪诞美学 超现实主义风BGM | 播放:1,888 | 收藏:55 | 歌曲:74
2025-11-25 10:41:20 - Music163 - INFO -   [880] 跑步 •鬼灭之刃超燃和风主题歌 | 播放:1,409 | 收藏:42 | 歌曲:26
2025-11-25 10:41:20 - Music163 - INFO -   [881] 请问你现在那边是几点，有没有我的香味在你 | 播放:11,372 | 收藏:28 | 歌曲:59
2025-11-25 10:41:20 - Music163 - INFO -   [882] 网易云音乐2025第三季度音乐榜单 | 播放:161,354 | 收藏:983 | 歌曲:50
2025-11-25 10:41:20 - Music163 - INFO -   [883] 国风 Rap｜江上青山的 R&B Jazz | 播放:8,104 | 收藏:232 | 歌曲:34
2025-11-25 10:41:20 - Music163 - INFO -   [884] 野孩子30年｜扎根于土地的华语民谣旗帜 | 播放:98,891 | 收藏:688 | 歌曲:32
2025-11-25 10:41:20 - Music163 - INFO -   [885] 通勤随身听｜上班不枯燥 多巴胺能量补给站 | 播放:3,950 | 收藏:12 | 歌曲:45
2025-11-25 10:41:22 - Music163 - INFO - 正在爬取第 19/20 页，获取到 6 个歌单
2025-11-25 10:41:22 - Music163 - INFO -   [901] 巴西Funk：来首精神氮泵助力燃脂 | 播放:14,681 | 收藏:40 | 歌曲:30
2025-11-25 10:41:22 - Music163 - INFO -   [902] ACG治愈 | 回忆复刻 重温动漫里的温情时刻 | 播放:19,646 | 收藏:87 | 歌曲:100
2025-11-25 10:41:22 - Music163 - INFO -   [903] 站内收藏量超千万的欧美热曲安利 | 播放:8,873 | 收藏:35 | 歌曲:71
2025-11-25 10:41:22 - Music163 - INFO -   [904] 【韩语宿命感】伤感 酸涩 执念  遗憾 羁绊 | 播放:3,694 | 收藏:15 | 歌曲:181
2025-11-25 10:41:22 - Music163 - INFO -   [905] 那些你熟悉却又不知道名字的轻音乐 | 播放:123,893,392 | 收藏:2,638,797 | 歌曲:44
2025-11-25 10:41:22 - Music163 - INFO -   [906] 2025秋季动漫热歌|在轻风中聆听温暖与悸动 | 播放:90,727 | 收藏:978 | 歌曲:69
2025-11-25 10:41:25 - Music163 - INFO - 正在爬取第 20/20 页，获取到 6 个歌单
2025-11-25 10:41:25 - Music163 - INFO -   [951] 巴西Funk：来首精神氮泵助力燃脂 | 播放:14,681 | 收藏:40 | 歌曲:30
2025-11-25 10:41:25 - Music163 - INFO -   [952] ACG治愈 | 回忆复刻 重温动漫里的温情时刻 | 播放:19,646 | 收藏:87 | 歌曲:100
2025-11-25 10:41:25 - Music163 - INFO -   [953] 站内收藏量超千万的欧美热曲安利 | 播放:8,873 | 收藏:35 | 歌曲:71
2025-11-25 10:41:25 - Music163 - INFO -   [954] 【韩语宿命感】伤感 酸涩 执念  遗憾 羁绊 | 播放:3,694 | 收藏:15 | 歌曲:181
2025-11-25 10:41:25 - Music163 - INFO -   [955] 那些你熟悉却又不知道名字的轻音乐 | 播放:123,893,392 | 收藏:2,638,797 | 歌曲:44
2025-11-25 10:41:25 - Music163 - INFO -   [956] 2025秋季动漫热歌|在轻风中聆听温暖与悸动 | 播放:90,727 | 收藏:978 | 歌曲:69
2025-11-25 10:41:25 - Music163 - INFO - 热门歌单爬取完成，共 765 个歌单
2025-11-25 10:41:32 - Music163 - INFO - 批量插入歌单: 成功 765/765
2025-11-25 10:41:32 - Music163 - INFO - 爬虫会话已关闭
2025-11-25 10:41:32 - Music163 - INFO - 爬虫会话已关闭
2025-11-25 10:42:24 - Music163 - INFO - 热门歌单爬虫初始化成功
2025-11-25 10:42:29 - Music163 - INFO - 开始批量爬取 20 个歌单的歌曲
2025-11-25 10:42:29 - Music163 - INFO - 正在爬取第 1/20 个歌单的歌曲 (ID: 988690134)
2025-11-25 10:42:31 - Music163 - INFO -   获取到 0 首歌曲
2025-11-25 10:42:32 - Music163 - INFO - 正在爬取第 2/20 个歌单的歌曲 (ID: 37432514)
2025-11-25 10:42:32 - Music163 - INFO -   获取到 0 首歌曲
2025-11-25 10:42:34 - Music163 - INFO - 正在爬取第 3/20 个歌单的歌曲 (ID: 75182300)
2025-11-25 10:42:34 - Music163 - INFO - 获取歌单 75182300 的 112 首歌曲
2025-11-25 10:42:34 - Music163 - INFO -   获取到 112 首歌曲
2025-11-25 10:42:36 - Music163 - INFO - 正在爬取第 4/20 个歌单的歌曲 (ID: 26467411)
2025-11-25 10:42:36 - Music163 - INFO - 获取歌单 26467411 的 44 首歌曲
2025-11-25 10:42:36 - Music163 - INFO -   获取到 44 首歌曲
2025-11-25 10:42:38 - Music163 - INFO - 正在爬取第 5/20 个歌单的歌曲 (ID: 331841455)
2025-11-25 10:42:38 - Music163 - INFO - 获取歌单 331841455 的 32 首歌曲
2025-11-25 10:42:38 - Music163 - INFO -   获取到 32 首歌曲
2025-11-25 10:42:39 - Music163 - INFO - 正在爬取第 6/20 个歌单的歌曲 (ID: 112875926)
2025-11-25 10:42:40 - Music163 - INFO - 获取歌单 112875926 的 127 首歌曲
2025-11-25 10:42:40 - Music163 - INFO -   获取到 127 首歌曲
2025-11-25 10:42:41 - Music163 - INFO - 正在爬取第 7/20 个歌单的歌曲 (ID: 2312165875)
2025-11-25 10:42:41 - Music163 - INFO - 获取歌单 2312165875 的 99 首歌曲
2025-11-25 10:42:41 - Music163 - INFO -   获取到 99 首歌曲
2025-11-25 10:42:43 - Music163 - INFO - 正在爬取第 8/20 个歌单的歌曲 (ID: 893126993)
2025-11-25 10:42:43 - Music163 - INFO - 获取歌单 893126993 的 98 首歌曲
2025-11-25 10:42:43 - Music163 - INFO -   获取到 98 首歌曲
2025-11-25 10:42:45 - Music163 - INFO - 正在爬取第 9/20 个歌单的歌曲 (ID: 2065854146)
2025-11-25 10:42:45 - Music163 - ERROR - 解析歌曲数据失败: [Errno 22] Invalid argument
2025-11-25 10:42:45 - Music163 - INFO - 获取歌单 2065854146 的 123 首歌曲
2025-11-25 10:42:45 - Music163 - INFO -   获取到 123 首歌曲
2025-11-25 10:42:47 - Music163 - INFO - 正在爬取第 10/20 个歌单的歌曲 (ID: 83942307)
2025-11-25 10:42:47 - Music163 - INFO - 获取歌单 83942307 的 198 首歌曲
2025-11-25 10:42:47 - Music163 - INFO -   获取到 198 首歌曲
2025-11-25 10:42:48 - Music163 - INFO - 正在爬取第 11/20 个歌单的歌曲 (ID: 311692545)
2025-11-25 10:42:48 - Music163 - ERROR - 解析歌曲数据失败: [Errno 22] Invalid argument
2025-11-25 10:42:48 - Music163 - ERROR - 解析歌曲数据失败: [Errno 22] Invalid argument
2025-11-25 10:42:48 - Music163 - INFO - 获取歌单 311692545 的 98 首歌曲
2025-11-25 10:42:48 - Music163 - INFO -   获取到 98 首歌曲
2025-11-25 10:42:51 - Music163 - INFO - 正在爬取第 12/20 个歌单的歌曲 (ID: 645384312)
2025-11-25 10:42:51 - Music163 - INFO - 获取歌单 645384312 的 63 首歌曲
2025-11-25 10:42:51 - Music163 - INFO -   获取到 63 首歌曲
2025-11-25 10:42:52 - Music163 - INFO - 正在爬取第 13/20 个歌单的歌曲 (ID: 514947114)
2025-11-25 10:42:53 - Music163 - INFO - 获取歌单 514947114 的 287 首歌曲
2025-11-25 10:42:53 - Music163 - INFO -   获取到 287 首歌曲
2025-11-25 10:42:55 - Music163 - INFO - 正在爬取第 14/20 个歌单的歌曲 (ID: 2041615881)
2025-11-25 10:42:56 - Music163 - INFO - 获取歌单 2041615881 的 193 首歌曲
2025-11-25 10:42:56 - Music163 - INFO -   获取到 193 首歌曲
2025-11-25 10:42:57 - Music163 - INFO - 正在爬取第 15/20 个歌单的歌曲 (ID: 2075587022)
2025-11-25 10:42:58 - Music163 - INFO - 获取歌单 2075587022 的 104 首歌曲
2025-11-25 10:42:58 - Music163 - INFO -   获取到 104 首歌曲
2025-11-25 10:42:59 - Music163 - INFO - 正在爬取第 16/20 个歌单的歌曲 (ID: 316223640)
2025-11-25 10:42:59 - Music163 - INFO -   获取到 0 首歌曲
2025-11-25 10:43:00 - Music163 - INFO - 正在爬取第 17/20 个歌单的歌曲 (ID: 94284266)
2025-11-25 10:43:00 - Music163 - INFO -   获取到 0 首歌曲
2025-11-25 10:43:02 - Music163 - INFO - 正在爬取第 18/20 个歌单的歌曲 (ID: 2179431622)
2025-11-25 10:43:02 - Music163 - INFO - 获取歌单 2179431622 的 385 首歌曲
2025-11-25 10:43:02 - Music163 - INFO -   获取到 385 首歌曲
2025-11-25 10:43:05 - Music163 - INFO - 正在爬取第 19/20 个歌单的歌曲 (ID: 8055396278)
2025-11-25 10:43:05 - Music163 - INFO - 获取歌单 8055396278 的 239 首歌曲
2025-11-25 10:43:05 - Music163 - INFO -   获取到 239 首歌曲
2025-11-25 10:43:07 - Music163 - INFO - 正在爬取第 20/20 个歌单的歌曲 (ID: 819618896)
2025-11-25 10:43:07 - Music163 - INFO - 获取歌单 819618896 的 163 首歌曲
2025-11-25 10:43:07 - Music163 - INFO -   获取到 163 首歌曲
2025-11-25 10:43:07 - Music163 - INFO - 批量爬取完成，共获取 2365 首歌曲
2025-11-25 10:43:08 - Music163 - INFO - 批量插入歌曲: 成功 112/112
2025-11-25 10:43:08 - Music163 - INFO - 批量插入歌曲: 成功 44/44
2025-11-25 10:43:09 - Music163 - INFO - 批量插入歌曲: 成功 32/32
2025-11-25 10:43:10 - Music163 - INFO - 批量插入歌曲: 成功 127/127
2025-11-25 10:43:11 - Music163 - INFO - 批量插入歌曲: 成功 99/99
2025-11-25 10:43:11 - Music163 - INFO - 批量插入歌曲: 成功 98/98
2025-11-25 10:43:12 - Music163 - INFO - 批量插入歌曲: 成功 123/123
2025-11-25 10:43:14 - Music163 - INFO - 批量插入歌曲: 成功 198/198
2025-11-25 10:43:15 - Music163 - INFO - 批量插入歌曲: 成功 98/98
2025-11-25 10:43:16 - Music163 - INFO - 批量插入歌曲: 成功 63/63
2025-11-25 10:43:18 - Music163 - INFO - 批量插入歌曲: 成功 287/287
2025-11-25 10:43:20 - Music163 - INFO - 批量插入歌曲: 成功 193/193
2025-11-25 10:43:21 - Music163 - INFO - 批量插入歌曲: 成功 104/104
2025-11-25 10:43:24 - Music163 - INFO - 批量插入歌曲: 成功 385/385
2025-11-25 10:43:26 - Music163 - INFO - 批量插入歌曲: 成功 239/239
2025-11-25 10:43:28 - Music163 - INFO - 批量插入歌曲: 成功 163/163
2025-11-25 10:43:28 - Music163 - INFO - 爬虫会话已关闭
2025-11-25 10:43:28 - Music163 - INFO - 爬虫会话已关闭
2025-11-25 10:45:06 - Music163 - INFO - 现代化报告生成器初始化完成
2025-11-25 10:45:06 - Music163 - INFO - ============================================================
2025-11-25 10:45:06 - Music163 - INFO - 开始生成现代化可视化报告...
2025-11-25 10:45:06 - Music163 - INFO - ============================================================
2025-11-25 10:45:06 - Music163 - INFO - [1/15] 生成 播放量排行 图表...
2025-11-25 10:45:06 - Music163 - INFO -     ✓ 播放量排行 生成成功
2025-11-25 10:45:06 - Music163 - INFO - [2/15] 生成 收藏数排行 图表...
2025-11-25 10:45:06 - Music163 - INFO -     ✓ 收藏数排行 生成成功
2025-11-25 10:45:06 - Music163 - INFO - [3/15] 生成 对比分析 图表...
2025-11-25 10:45:06 - Music163 - INFO -     ✓ 对比分析 生成成功
2025-11-25 10:45:06 - Music163 - INFO - [4/15] 生成 标签分布 图表...
2025-11-25 10:45:06 - Music163 - INFO -     ✓ 标签分布 生成成功
2025-11-25 10:45:06 - Music163 - INFO - [5/15] 生成 创建者排行 图表...
2025-11-25 10:45:06 - Music163 - INFO -     ✓ 创建者排行 生成成功
2025-11-25 10:45:06 - Music163 - INFO - [6/15] 生成 关系分析 图表...
2025-11-25 10:45:06 - Music163 - INFO -     ✓ 关系分析 生成成功
2025-11-25 10:45:06 - Music163 - INFO - [7/15] 生成 规模分布 图表...
2025-11-25 10:45:06 - Music163 - INFO -     ✓ 规模分布 生成成功
2025-11-25 10:45:06 - Music163 - INFO - [8/15] 生成 标签词云 图表...
2025-11-25 10:45:06 - Music163 - INFO -     ✓ 标签词云 生成成功
2025-11-25 10:45:06 - Music163 - INFO - [9/15] 生成 热门歌曲 图表...
2025-11-25 10:45:07 - Music163 - INFO - 获取TOP 30 跨歌单热门歌曲
2025-11-25 10:45:07 - Music163 - INFO -     ✓ 热门歌曲 生成成功
2025-11-25 10:45:07 - Music163 - INFO - [10/15] 生成 歌手排行 图表...
2025-11-25 10:45:07 - Music163 - INFO -     ✓ 歌手排行 生成成功
2025-11-25 10:45:07 - Music163 - INFO - [11/15] 生成 时长分布 图表...
2025-11-25 10:45:08 - Music163 - INFO -     ✓ 时长分布 生成成功
2025-11-25 10:45:08 - Music163 - INFO - [12/15] 生成 跨歌单热歌 图表...
2025-11-25 10:45:08 - Music163 - INFO - 找到 3148 首跨歌单歌曲 (至少 3 个歌单)
2025-11-25 10:45:08 - Music163 - INFO -     ✓ 跨歌单热歌 生成成功
2025-11-25 10:45:08 - Music163 - INFO - [13/15] 生成 专辑热度 图表...
2025-11-25 10:45:09 - Music163 - INFO - 获取TOP 30 热门专辑
2025-11-25 10:45:09 - Music163 - INFO -     ✓ 专辑热度 生成成功
2025-11-25 10:45:09 - Music163 - INFO - [14/15] 生成 热度分布 图表...
2025-11-25 10:45:09 - Music163 - INFO -     ✓ 热度分布 生成成功
2025-11-25 10:45:09 - Music163 - INFO - [15/15] 生成 歌手雷达 图表...
2025-11-25 10:45:10 - Music163 - INFO - 获取TOP 8 歌手综合统计
2025-11-25 10:45:10 - Music163 - INFO -     ✓ 歌手雷达 生成成功
2025-11-25 10:45:10 - Music163 - INFO - ============================================================
2025-11-25 10:45:10 - Music163 - INFO - 成功生成 15 个图表
2025-11-25 10:45:10 - Music163 - INFO - ============================================================
2025-11-25 10:45:10 - Music163 - INFO - 正在构建HTML报告...
2025-11-25 10:45:10 - Music163 - INFO - 临时文件已清理
2025-11-25 10:45:10 - Music163 - INFO - ============================================================
2025-11-25 10:45:10 - Music163 - INFO - ✓ 报告生成成功: D:\Project\Python_project\python双语\music163\output\reports\music_analysis_report.html
2025-11-25 10:45:10 - Music163 - INFO - ✓ 共包含 15 个可视化图表
2025-11-25 10:45:10 - Music163 - INFO - ============================================================
2025-11-25 10:48:24 - Music163 - INFO - 程序被用户中断
2025-11-25 10:48:24 - Music163 - INFO - 数据库连接已关闭
2025-11-25 10:48:24 - Music163 - INFO - 资源清理完成
2025-11-25 10:49:04 - Music163 - INFO - 数据库表创建成功
2025-11-25 10:49:04 - Music163 - INFO - 数据库初始化成功: D:\Project\Python_project\python双语\music163\data\music163.db
2025-11-25 10:49:04 - Music163 - INFO - 现代化报告生成器初始化完成
2025-11-25 10:49:04 - Music163 - INFO - ============================================================
2025-11-25 10:49:04 - Music163 - INFO - 开始生成现代化可视化报告...
2025-11-25 10:49:04 - Music163 - INFO - ============================================================
2025-11-25 10:49:04 - Music163 - INFO - [1/15] 生成 播放量排行 图表...
2025-11-25 10:49:04 - Music163 - INFO -     ✓ 播放量排行 生成成功
2025-11-25 10:49:04 - Music163 - INFO - [2/15] 生成 收藏数排行 图表...
2025-11-25 10:49:04 - Music163 - INFO -     ✓ 收藏数排行 生成成功
2025-11-25 10:49:04 - Music163 - INFO - [3/15] 生成 对比分析 图表...
2025-11-25 10:49:04 - Music163 - INFO -     ✓ 对比分析 生成成功
2025-11-25 10:49:04 - Music163 - INFO - [4/15] 生成 标签分布 图表...
2025-11-25 10:49:04 - Music163 - INFO -     ✓ 标签分布 生成成功
2025-11-25 10:49:04 - Music163 - INFO - [5/15] 生成 创建者排行 图表...
2025-11-25 10:49:04 - Music163 - INFO -     ✓ 创建者排行 生成成功
2025-11-25 10:49:04 - Music163 - INFO - [6/15] 生成 关系分析 图表...
2025-11-25 10:49:04 - Music163 - INFO -     ✓ 关系分析 生成成功
2025-11-25 10:49:04 - Music163 - INFO - [7/15] 生成 规模分布 图表...
2025-11-25 10:49:04 - Music163 - INFO -     ✓ 规模分布 生成成功
2025-11-25 10:49:04 - Music163 - INFO - [8/15] 生成 标签词云 图表...
2025-11-25 10:49:04 - Music163 - INFO -     ✓ 标签词云 生成成功
2025-11-25 10:49:04 - Music163 - INFO - [9/15] 生成 热门歌曲 图表...
2025-11-25 10:49:05 - Music163 - INFO - 获取TOP 30 跨歌单热门歌曲
2025-11-25 10:49:05 - Music163 - INFO -     ✓ 热门歌曲 生成成功
2025-11-25 10:49:05 - Music163 - INFO - [10/15] 生成 歌手排行 图表...
2025-11-25 10:49:05 - Music163 - INFO -     ✓ 歌手排行 生成成功
2025-11-25 10:49:05 - Music163 - INFO - [11/15] 生成 时长分布 图表...
2025-11-25 10:49:06 - Music163 - INFO -     ✓ 时长分布 生成成功
2025-11-25 10:49:06 - Music163 - INFO - [12/15] 生成 跨歌单热歌 图表...
2025-11-25 10:49:07 - Music163 - INFO - 找到 3148 首跨歌单歌曲 (至少 3 个歌单)
2025-11-25 10:49:07 - Music163 - INFO -     ✓ 跨歌单热歌 生成成功
2025-11-25 10:49:07 - Music163 - INFO - [13/15] 生成 专辑热度 图表...
2025-11-25 10:49:07 - Music163 - INFO - 获取TOP 30 热门专辑
2025-11-25 10:49:07 - Music163 - INFO -     ✓ 专辑热度 生成成功
2025-11-25 10:49:07 - Music163 - INFO - [14/15] 生成 热度分布 图表...
2025-11-25 10:49:08 - Music163 - INFO -     ✓ 热度分布 生成成功
2025-11-25 10:49:08 - Music163 - INFO - [15/15] 生成 歌手雷达 图表...
2025-11-25 10:49:08 - Music163 - INFO - 获取TOP 8 歌手综合统计
2025-11-25 10:49:08 - Music163 - INFO -     ✓ 歌手雷达 生成成功
2025-11-25 10:49:08 - Music163 - INFO - ============================================================
2025-11-25 10:49:08 - Music163 - INFO - 成功生成 15 个图表
2025-11-25 10:49:08 - Music163 - INFO - ============================================================
2025-11-25 10:49:08 - Music163 - INFO - 正在构建HTML报告...
2025-11-25 10:49:08 - Music163 - INFO - 临时文件已清理
2025-11-25 10:49:08 - Music163 - INFO - ============================================================
2025-11-25 10:49:08 - Music163 - INFO - ✓ 报告生成成功: D:\Project\Python_project\python双语\music163\output\reports\music_analysis_report.html
2025-11-25 10:49:08 - Music163 - INFO - ✓ 共包含 15 个可视化图表
2025-11-25 10:49:08 - Music163 - INFO - ============================================================
2025-11-25 10:49:08 - Music163 - INFO - 数据库连接已关闭
2025-11-25 10:50:02 - Music163 - INFO - 数据库表创建成功
2025-11-25 10:50:02 - Music163 - INFO - 数据库初始化成功: D:\Project\Python_project\python双语\music163\data\music163.db
2025-11-25 10:50:02 - Music163 - INFO - 应用初始化成功
2025-11-25 10:50:02 - Music163 - INFO - 程序启动
2025-11-25 10:50:06 - Music163 - INFO - 现代化报告生成器初始化完成
2025-11-25 10:50:06 - Music163 - INFO - ============================================================
2025-11-25 10:50:06 - Music163 - INFO - 开始生成现代化可视化报告...
2025-11-25 10:50:06 - Music163 - INFO - ============================================================
2025-11-25 10:50:06 - Music163 - INFO - [1/15] 生成 播放量排行 图表...
2025-11-25 10:50:06 - Music163 - INFO -     ✓ 播放量排行 生成成功
2025-11-25 10:50:06 - Music163 - INFO - [2/15] 生成 收藏数排行 图表...
2025-11-25 10:50:06 - Music163 - INFO -     ✓ 收藏数排行 生成成功
2025-11-25 10:50:06 - Music163 - INFO - [3/15] 生成 对比分析 图表...
2025-11-25 10:50:06 - Music163 - INFO -     ✓ 对比分析 生成成功
2025-11-25 10:50:06 - Music163 - INFO - [4/15] 生成 标签分布 图表...
2025-11-25 10:50:06 - Music163 - INFO -     ✓ 标签分布 生成成功
2025-11-25 10:50:06 - Music163 - INFO - [5/15] 生成 创建者排行 图表...
2025-11-25 10:50:06 - Music163 - INFO -     ✓ 创建者排行 生成成功
2025-11-25 10:50:06 - Music163 - INFO - [6/15] 生成 关系分析 图表...
2025-11-25 10:50:06 - Music163 - INFO -     ✓ 关系分析 生成成功
2025-11-25 10:50:06 - Music163 - INFO - [7/15] 生成 规模分布 图表...
2025-11-25 10:50:06 - Music163 - INFO -     ✓ 规模分布 生成成功
2025-11-25 10:50:06 - Music163 - INFO - [8/15] 生成 标签词云 图表...
2025-11-25 10:50:06 - Music163 - INFO -     ✓ 标签词云 生成成功
2025-11-25 10:50:06 - Music163 - INFO - [9/15] 生成 热门歌曲 图表...
2025-11-25 10:50:07 - Music163 - INFO - 获取TOP 30 跨歌单热门歌曲
2025-11-25 10:50:07 - Music163 - INFO -     ✓ 热门歌曲 生成成功
2025-11-25 10:50:07 - Music163 - INFO - [10/15] 生成 歌手排行 图表...
2025-11-25 10:50:07 - Music163 - INFO -     ✓ 歌手排行 生成成功
2025-11-25 10:50:07 - Music163 - INFO - [11/15] 生成 时长分布 图表...
2025-11-25 10:50:08 - Music163 - INFO -     ✓ 时长分布 生成成功
2025-11-25 10:50:08 - Music163 - INFO - [12/15] 生成 跨歌单热歌 图表...
2025-11-25 10:50:08 - Music163 - INFO - 找到 3148 首跨歌单歌曲 (至少 3 个歌单)
2025-11-25 10:50:08 - Music163 - INFO -     ✓ 跨歌单热歌 生成成功
2025-11-25 10:50:08 - Music163 - INFO - [13/15] 生成 专辑热度 图表...
2025-11-25 10:50:09 - Music163 - INFO - 获取TOP 30 热门专辑
2025-11-25 10:50:09 - Music163 - INFO -     ✓ 专辑热度 生成成功
2025-11-25 10:50:09 - Music163 - INFO - [14/15] 生成 热度分布 图表...
2025-11-25 10:50:09 - Music163 - INFO -     ✓ 热度分布 生成成功
2025-11-25 10:50:09 - Music163 - INFO - [15/15] 生成 歌手雷达 图表...
2025-11-25 10:50:10 - Music163 - INFO - 获取TOP 8 歌手综合统计
2025-11-25 10:50:10 - Music163 - INFO -     ✓ 歌手雷达 生成成功
2025-11-25 10:50:10 - Music163 - INFO - ============================================================
2025-11-25 10:50:10 - Music163 - INFO - 成功生成 15 个图表
2025-11-25 10:50:10 - Music163 - INFO - ============================================================
2025-11-25 10:50:10 - Music163 - INFO - 正在构建HTML报告...
2025-11-25 10:50:10 - Music163 - INFO - 临时文件已清理
2025-11-25 10:50:10 - Music163 - INFO - ============================================================
2025-11-25 10:50:10 - Music163 - INFO - ✓ 报告生成成功: D:\Project\Python_project\python双语\music163\output\reports\music_analysis_report.html
2025-11-25 10:50:10 - Music163 - INFO - ✓ 共包含 15 个可视化图表
2025-11-25 10:50:10 - Music163 - INFO - ============================================================
2025-11-25 10:53:20 - Music163 - INFO - 数据库表创建成功
2025-11-25 10:53:20 - Music163 - INFO - 数据库初始化成功: D:\Project\Python_project\python双语\music163\data\music163.db
2025-11-25 10:53:20 - Music163 - INFO - 应用初始化成功
2025-11-25 10:53:20 - Music163 - INFO - 程序启动
2025-11-25 10:53:26 - Music163 - INFO - 现代化报告生成器初始化完成
2025-11-25 10:53:26 - Music163 - INFO - ============================================================
2025-11-25 10:53:26 - Music163 - INFO - 开始生成现代化可视化报告...
2025-11-25 10:53:26 - Music163 - INFO - ============================================================
2025-11-25 10:53:26 - Music163 - INFO - [1/15] 生成 播放量排行 图表...
2025-11-25 10:53:26 - Music163 - INFO -     ✓ 播放量排行 生成成功
2025-11-25 10:53:26 - Music163 - INFO - [2/15] 生成 收藏数排行 图表...
2025-11-25 10:53:26 - Music163 - INFO -     ✓ 收藏数排行 生成成功
2025-11-25 10:53:26 - Music163 - INFO - [3/15] 生成 对比分析 图表...
2025-11-25 10:53:26 - Music163 - INFO -     ✓ 对比分析 生成成功
2025-11-25 10:53:26 - Music163 - INFO - [4/15] 生成 标签分布 图表...
2025-11-25 10:53:26 - Music163 - INFO -     ✓ 标签分布 生成成功
2025-11-25 10:53:26 - Music163 - INFO - [5/15] 生成 创建者排行 图表...
2025-11-25 10:53:26 - Music163 - INFO -     ✓ 创建者排行 生成成功
2025-11-25 10:53:26 - Music163 - INFO - [6/15] 生成 关系分析 图表...
2025-11-25 10:53:26 - Music163 - INFO -     ✓ 关系分析 生成成功
2025-11-25 10:53:26 - Music163 - INFO - [7/15] 生成 规模分布 图表...
2025-11-25 10:53:26 - Music163 - INFO -     ✓ 规模分布 生成成功
2025-11-25 10:53:26 - Music163 - INFO - [8/15] 生成 标签词云 图表...
2025-11-25 10:53:26 - Music163 - INFO -     ✓ 标签词云 生成成功
2025-11-25 10:53:26 - Music163 - INFO - [9/15] 生成 热门歌曲 图表...
2025-11-25 10:53:26 - Music163 - INFO - 获取TOP 30 跨歌单热门歌曲
2025-11-25 10:53:26 - Music163 - INFO -     ✓ 热门歌曲 生成成功
2025-11-25 10:53:26 - Music163 - INFO - [10/15] 生成 歌手排行 图表...
2025-11-25 10:53:27 - Music163 - INFO -     ✓ 歌手排行 生成成功
2025-11-25 10:53:27 - Music163 - INFO - [11/15] 生成 时长分布 图表...
2025-11-25 10:53:28 - Music163 - INFO -     ✓ 时长分布 生成成功
2025-11-25 10:53:28 - Music163 - INFO - [12/15] 生成 跨歌单热歌 图表...
2025-11-25 10:53:28 - Music163 - INFO - 找到 3148 首跨歌单歌曲 (至少 3 个歌单)
2025-11-25 10:53:28 - Music163 - INFO -     ✓ 跨歌单热歌 生成成功
2025-11-25 10:53:28 - Music163 - INFO - [13/15] 生成 专辑热度 图表...
2025-11-25 10:53:28 - Music163 - INFO - 获取TOP 30 热门专辑
2025-11-25 10:53:28 - Music163 - INFO -     ✓ 专辑热度 生成成功
2025-11-25 10:53:28 - Music163 - INFO - [14/15] 生成 热度分布 图表...
2025-11-25 10:53:29 - Music163 - INFO -     ✓ 热度分布 生成成功
2025-11-25 10:53:29 - Music163 - INFO - [15/15] 生成 歌手雷达 图表...
2025-11-25 10:53:29 - Music163 - INFO - 获取TOP 8 歌手综合统计
2025-11-25 10:53:29 - Music163 - INFO -     ✓ 歌手雷达 生成成功
2025-11-25 10:53:29 - Music163 - INFO - ============================================================
2025-11-25 10:53:29 - Music163 - INFO - 成功生成 15 个图表
2025-11-25 10:53:29 - Music163 - INFO - ============================================================
2025-11-25 10:53:29 - Music163 - INFO - 正在构建HTML报告...
2025-11-25 10:53:29 - Music163 - INFO - 临时文件已清理
2025-11-25 10:53:29 - Music163 - INFO - ============================================================
2025-11-25 10:53:29 - Music163 - INFO - ✓ 报告生成成功: D:\Project\Python_project\python双语\music163\output\reports\music_analysis_report.html
2025-11-25 10:53:29 - Music163 - INFO - ✓ 共包含 15 个可视化图表
2025-11-25 10:53:29 - Music163 - INFO - ============================================================
2025-11-25 10:55:29 - Music163 - INFO - 数据库表创建成功
2025-11-25 10:55:29 - Music163 - INFO - 数据库初始化成功: D:\Project\Python_project\python双语\music163\data\music163.db
2025-11-25 10:55:30 - Music163 - INFO - 现代化报告生成器初始化完成
2025-11-25 10:55:30 - Music163 - INFO - ============================================================
2025-11-25 10:55:30 - Music163 - INFO - 开始生成现代化可视化报告...
2025-11-25 10:55:30 - Music163 - INFO - ============================================================
2025-11-25 10:55:30 - Music163 - INFO - [1/15] 生成 播放量排行 图表...
2025-11-25 10:55:30 - Music163 - INFO -     ✓ 播放量排行 生成成功
2025-11-25 10:55:30 - Music163 - INFO - [2/15] 生成 收藏数排行 图表...
2025-11-25 10:55:30 - Music163 - INFO -     ✓ 收藏数排行 生成成功
2025-11-25 10:55:30 - Music163 - INFO - [3/15] 生成 对比分析 图表...
2025-11-25 10:55:30 - Music163 - INFO -     ✓ 对比分析 生成成功
2025-11-25 10:55:30 - Music163 - INFO - [4/15] 生成 标签分布 图表...
2025-11-25 10:55:30 - Music163 - INFO -     ✓ 标签分布 生成成功
2025-11-25 10:55:30 - Music163 - INFO - [5/15] 生成 创建者排行 图表...
2025-11-25 10:55:30 - Music163 - INFO -     ✓ 创建者排行 生成成功
2025-11-25 10:55:30 - Music163 - INFO - [6/15] 生成 关系分析 图表...
2025-11-25 10:55:30 - Music163 - INFO -     ✓ 关系分析 生成成功
2025-11-25 10:55:30 - Music163 - INFO - [7/15] 生成 规模分布 图表...
2025-11-25 10:55:30 - Music163 - INFO -     ✓ 规模分布 生成成功
2025-11-25 10:55:30 - Music163 - INFO - [8/15] 生成 标签词云 图表...
2025-11-25 10:55:30 - Music163 - INFO -     ✓ 标签词云 生成成功
2025-11-25 10:55:30 - Music163 - INFO - [9/15] 生成 热门歌曲 图表...
2025-11-25 10:55:31 - Music163 - INFO - 获取TOP 30 跨歌单热门歌曲
2025-11-25 10:55:31 - Music163 - INFO -     ✓ 热门歌曲 生成成功
2025-11-25 10:55:31 - Music163 - INFO - [10/15] 生成 歌手排行 图表...
2025-11-25 10:55:31 - Music163 - INFO -     ✓ 歌手排行 生成成功
2025-11-25 10:55:31 - Music163 - INFO - [11/15] 生成 时长分布 图表...
2025-11-25 10:55:32 - Music163 - INFO -     ✓ 时长分布 生成成功
2025-11-25 10:55:32 - Music163 - INFO - [12/15] 生成 跨歌单热歌 图表...
2025-11-25 10:55:33 - Music163 - INFO - 找到 3148 首跨歌单歌曲 (至少 3 个歌单)
2025-11-25 10:55:33 - Music163 - INFO -     ✓ 跨歌单热歌 生成成功
2025-11-25 10:55:33 - Music163 - INFO - [13/15] 生成 专辑热度 图表...
2025-11-25 10:55:33 - Music163 - INFO - 获取TOP 30 热门专辑
2025-11-25 10:55:33 - Music163 - INFO -     ✓ 专辑热度 生成成功
2025-11-25 10:55:33 - Music163 - INFO - [14/15] 生成 热度分布 图表...
2025-11-25 10:55:34 - Music163 - INFO -     ✓ 热度分布 生成成功
2025-11-25 10:55:34 - Music163 - INFO - [15/15] 生成 歌手雷达 图表...
2025-11-25 10:55:35 - Music163 - INFO - 获取TOP 8 歌手综合统计
2025-11-25 10:55:35 - Music163 - INFO -     ✓ 歌手雷达 生成成功
2025-11-25 10:55:35 - Music163 - INFO - ============================================================
2025-11-25 10:55:35 - Music163 - INFO - 成功生成 15 个图表
2025-11-25 10:55:35 - Music163 - INFO - ============================================================
2025-11-25 10:55:35 - Music163 - INFO - 正在构建HTML报告...
2025-11-25 10:55:35 - Music163 - INFO - 临时文件已清理
2025-11-25 10:55:35 - Music163 - INFO - ============================================================
2025-11-25 10:55:35 - Music163 - INFO - ✓ 报告生成成功: D:\Project\Python_project\python双语\music163\output\reports\music_analysis_report.html
2025-11-25 10:55:35 - Music163 - INFO - ✓ 共包含 15 个可视化图表
2025-11-25 10:55:35 - Music163 - INFO - ============================================================
2025-11-25 10:55:35 - Music163 - INFO - 数据库连接已关闭
